2015-11-13 09:17:36.511 DEBUG 8616 --- [main] o.s.w.s.h.BeanNameUrlHandlerMapping      : Rejected bean name 'org.springframework.boot.autoconfigure.jdbc.DataSourceAutoConfiguration$DataSourceInitializerConfiguration': no URL paths identified
2015-11-13 09:17:36.514 DEBUG 8616 --- [main] o.s.w.s.h.BeanNameUrlHandlerMapping      : Rejected bean name 'dataSourceInitializer': no URL paths identified
2015-11-13 09:17:36.514 DEBUG 8616 --- [main] o.s.w.s.h.BeanNameUrlHandlerMapping      : Rejected bean name 'org.springframework.boot.autoconfigure.jdbc.metadata.DataSourcePoolMetadataProvidersConfiguration$TomcatDataSourcePoolMetadataProviderConfiguration': no URL paths identified
2015-11-13 09:17:36.514 DEBUG 8616 --- [main] o.s.w.s.h.BeanNameUrlHandlerMapping      : Rejected bean name 'tomcatPoolDataSourceMetadataProvider': no URL paths identified
2015-11-13 09:17:36.514 DEBUG 8616 --- [main] o.s.w.s.h.BeanNameUrlHandlerMapping      : Rejected bean name 'org.springframework.boot.autoconfigure.jdbc.metadata.DataSourcePoolMetadataProvidersConfiguration': no URL paths identified
2015-11-13 09:17:36.514 DEBUG 8616 --- [main] o.s.w.s.h.BeanNameUrlHandlerMapping      : Rejected bean name 'org.springframework.boot.autoconfigure.jdbc.DataSourceAutoConfiguration': no URL paths identified
2015-11-13 09:17:36.515 DEBUG 8616 --- [main] o.s.w.s.h.BeanNameUrlHandlerMapping      : Rejected bean name 'spring.datasource.CONFIGURATION_PROPERTIES': no URL paths identified
2015-11-13 09:17:36.515 DEBUG 8616 --- [main] o.s.w.s.h.BeanNameUrlHandlerMapping      : Rejected bean name 'dataSourceInitializerPostProcessor': no URL paths identified
2015-11-13 09:17:36.515 DEBUG 8616 --- [main] o.s.w.s.h.BeanNameUrlHandlerMapping      : Rejected bean name 'org.springframework.boot.autoconfigure.orm.jpa.JpaBaseConfiguration$JpaWebConfiguration$JpaWebMvcConfiguration': no URL paths identified
2015-11-13 09:17:36.515 DEBUG 8616 --- [main] o.s.w.s.h.BeanNameUrlHandlerMapping      : Rejected bean name 'openEntityManagerInViewInterceptor': no URL paths identified
2015-11-13 09:17:36.515 DEBUG 8616 --- [main] o.s.w.s.h.BeanNameUrlHandlerMapping      : Rejected bean name 'org.springframework.boot.autoconfigure.orm.jpa.JpaBaseConfiguration$JpaWebConfiguration': no URL paths identified
2015-11-13 09:17:36.515 DEBUG 8616 --- [main] o.s.w.s.h.BeanNameUrlHandlerMapping      : Rejected bean name 'org.springframework.boot.autoconfigure.orm.jpa.HibernateJpaAutoConfiguration': no URL paths identified
2015-11-13 09:17:36.516 DEBUG 8616 --- [main] o.s.w.s.h.BeanNameUrlHandlerMapping      : Rejected bean name 'transactionManager': no URL paths identified
2015-11-13 09:17:36.516 DEBUG 8616 --- [main] o.s.w.s.h.BeanNameUrlHandlerMapping      : Rejected bean name 'jpaVendorAdapter': no URL paths identified
2015-11-13 09:17:36.516 DEBUG 8616 --- [main] o.s.w.s.h.BeanNameUrlHandlerMapping      : Rejected bean name 'entityManagerFactoryBuilder': no URL paths identified
2015-11-13 09:17:36.516 DEBUG 8616 --- [main] o.s.w.s.h.BeanNameUrlHandlerMapping      : Rejected bean name 'entityManagerFactory': no URL paths identified
2015-11-13 09:17:36.516 DEBUG 8616 --- [main] o.s.w.s.h.BeanNameUrlHandlerMapping      : Rejected bean name 'spring.jpa.CONFIGURATION_PROPERTIES': no URL paths identified
2015-11-13 09:17:36.516 DEBUG 8616 --- [main] o.s.w.s.h.BeanNameUrlHandlerMapping      : Rejected bean name 'dataSourceInitializedPublisher': no URL paths identified
2015-11-13 09:17:36.517 DEBUG 8616 --- [main] o.s.w.s.h.BeanNameUrlHandlerMapping      : Rejected bean name 'org.springframework.boot.autoconfigure.dao.PersistenceExceptionTranslationAutoConfiguration': no URL paths identified
2015-11-13 09:17:36.517 DEBUG 8616 --- [main] o.s.w.s.h.BeanNameUrlHandlerMapping      : Rejected bean name 'persistenceExceptionTranslationPostProcessor': no URL paths identified
2015-11-13 09:17:36.517 DEBUG 8616 --- [main] o.s.w.s.h.BeanNameUrlHandlerMapping      : Rejected bean name 'org.springframework.boot.autoconfigure.data.jpa.JpaRepositoriesAutoConfiguration': no URL paths identified
2015-11-13 09:17:36.517 DEBUG 8616 --- [main] o.s.w.s.h.BeanNameUrlHandlerMapping      : Rejected bean name 'org.springframework.data.repository.core.support.RepositoryInterfaceAwareBeanPostProcessor': no URL paths identified
2015-11-13 09:17:36.517 DEBUG 8616 --- [main] o.s.w.s.h.BeanNameUrlHandlerMapping      : Rejected bean name 'foo': no URL paths identified
2015-11-13 09:17:36.517 DEBUG 8616 --- [main] o.s.w.s.h.BeanNameUrlHandlerMapping      : Rejected bean name 'jpaMappingContext': no URL paths identified
2015-11-13 09:17:36.517 DEBUG 8616 --- [main] o.s.w.s.h.BeanNameUrlHandlerMapping      : Rejected bean name 'claimTypeRepository': no URL paths identified
2015-11-13 09:17:36.518 DEBUG 8616 --- [main] o.s.w.s.h.BeanNameUrlHandlerMapping      : Rejected bean name 'commissionRepository': no URL paths identified
2015-11-13 09:17:36.518 DEBUG 8616 --- [main] o.s.w.s.h.BeanNameUrlHandlerMapping      : Rejected bean name 'clientRepository': no URL paths identified
2015-11-13 09:17:36.518 DEBUG 8616 --- [main] o.s.w.s.h.BeanNameUrlHandlerMapping      : Rejected bean name 'bankAccountRepository': no URL paths identified
2015-11-13 09:17:36.518 DEBUG 8616 --- [main] o.s.w.s.h.BeanNameUrlHandlerMapping      : Rejected bean name 'subAgentRepository': no URL paths identified
2015-11-13 09:17:36.518 DEBUG 8616 --- [main] o.s.w.s.h.BeanNameUrlHandlerMapping      : Rejected bean name 'requestQuestionnaireRepository': no URL paths identified
2015-11-13 09:17:36.518 DEBUG 8616 --- [main] o.s.w.s.h.BeanNameUrlHandlerMapping      : Rejected bean name 'quotationOptionRepository': no URL paths identified
2015-11-13 09:17:36.519 DEBUG 8616 --- [main] o.s.w.s.h.BeanNameUrlHandlerMapping      : Rejected bean name 'answerValueRepository': no URL paths identified
2015-11-13 09:17:36.519 DEBUG 8616 --- [main] o.s.w.s.h.BeanNameUrlHandlerMapping      : Rejected bean name 'quotationRequestRepository': no URL paths identified
2015-11-13 09:17:36.519 DEBUG 8616 --- [main] o.s.w.s.h.BeanNameUrlHandlerMapping      : Rejected bean name 'quotationRepository': no URL paths identified
2015-11-13 09:17:36.519 DEBUG 8616 --- [main] o.s.w.s.h.BeanNameUrlHandlerMapping      : Rejected bean name 'locationOptionRepository': no URL paths identified
2015-11-13 09:17:36.519 DEBUG 8616 --- [main] o.s.w.s.h.BeanNameUrlHandlerMapping      : Rejected bean name 'claimAnswerValueRepository': no URL paths identified
2015-11-13 09:17:36.519 DEBUG 8616 --- [main] o.s.w.s.h.BeanNameUrlHandlerMapping      : Rejected bean name 'questionnaireRepository': no URL paths identified
2015-11-13 09:17:36.519 DEBUG 8616 --- [main] o.s.w.s.h.BeanNameUrlHandlerMapping      : Rejected bean name 'userRepository': no URL paths identified
2015-11-13 09:17:36.520 DEBUG 8616 --- [main] o.s.w.s.h.BeanNameUrlHandlerMapping      : Rejected bean name 'claimAnswerRepository': no URL paths identified
2015-11-13 09:17:36.520 DEBUG 8616 --- [main] o.s.w.s.h.BeanNameUrlHandlerMapping      : Rejected bean name 'policyRequestRepository': no URL paths identified
2015-11-13 09:17:36.520 DEBUG 8616 --- [main] o.s.w.s.h.BeanNameUrlHandlerMapping      : Rejected bean name 'quotationRequestQuestionnaireRepository': no URL paths identified
2015-11-13 09:17:36.520 DEBUG 8616 --- [main] o.s.w.s.h.BeanNameUrlHandlerMapping      : Rejected bean name 'contactRepository': no URL paths identified
2015-11-13 09:17:36.520 DEBUG 8616 --- [main] o.s.w.s.h.BeanNameUrlHandlerMapping      : Rejected bean name 'productRepository': no URL paths identified
2015-11-13 09:17:36.520 DEBUG 8616 --- [main] o.s.w.s.h.BeanNameUrlHandlerMapping      : Rejected bean name 'policyRequestTypeRepository': no URL paths identified
2015-11-13 09:17:36.521 DEBUG 8616 --- [main] o.s.w.s.h.BeanNameUrlHandlerMapping      : Rejected bean name 'brokerRepository': no URL paths identified
2015-11-13 09:17:36.521 DEBUG 8616 --- [main] o.s.w.s.h.BeanNameUrlHandlerMapping      : Rejected bean name 'claimAnswerTypeRepository': no URL paths identified
2015-11-13 09:17:36.521 DEBUG 8616 --- [main] o.s.w.s.h.BeanNameUrlHandlerMapping      : Rejected bean name 'requestAnswersRepository': no URL paths identified
2015-11-13 09:17:36.521 DEBUG 8616 --- [main] o.s.w.s.h.BeanNameUrlHandlerMapping      : Rejected bean name 'claimRequestQuestionnaireRepository': no URL paths identified
2015-11-13 09:17:36.521 DEBUG 8616 --- [main] o.s.w.s.h.BeanNameUrlHandlerMapping      : Rejected bean name 'historyRepository': no URL paths identified
2015-11-13 09:17:36.521 DEBUG 8616 --- [main] o.s.w.s.h.BeanNameUrlHandlerMapping      : Rejected bean name 'underwriterRepository': no URL paths identified
2015-11-13 09:17:36.522 DEBUG 8616 --- [main] o.s.w.s.h.BeanNameUrlHandlerMapping      : Rejected bean name 'requestTypeRepository': no URL paths identified
2015-11-13 09:17:36.522 DEBUG 8616 --- [main] o.s.w.s.h.BeanNameUrlHandlerMapping      : Rejected bean name 'answerTypeRepository': no URL paths identified
2015-11-13 09:17:36.522 DEBUG 8616 --- [main] o.s.w.s.h.BeanNameUrlHandlerMapping      : Rejected bean name 'claimRequestRepository': no URL paths identified
2015-11-13 09:17:36.522 DEBUG 8616 --- [main] o.s.w.s.h.BeanNameUrlHandlerMapping      : Rejected bean name 'claimQuestionnaireRepository': no URL paths identified
2015-11-13 09:17:36.522 DEBUG 8616 --- [main] o.s.w.s.h.BeanNameUrlHandlerMapping      : Rejected bean name 'policyRepository': no URL paths identified
2015-11-13 09:17:36.522 DEBUG 8616 --- [main] o.s.w.s.h.BeanNameUrlHandlerMapping      : Rejected bean name 'org.springframework.boot.autoconfigure.jackson.JacksonAutoConfiguration$JacksonObjectMapperBuilderConfiguration': no URL paths identified
2015-11-13 09:17:36.522 DEBUG 8616 --- [main] o.s.w.s.h.BeanNameUrlHandlerMapping      : Rejected bean name 'jacksonObjectMapperBuilder': no URL paths identified
2015-11-13 09:17:36.523 DEBUG 8616 --- [main] o.s.w.s.h.BeanNameUrlHandlerMapping      : Rejected bean name 'http.mappers.CONFIGURATION_PROPERTIES': no URL paths identified
2015-11-13 09:17:36.523 DEBUG 8616 --- [main] o.s.w.s.h.BeanNameUrlHandlerMapping      : Rejected bean name 'spring.jackson.CONFIGURATION_PROPERTIES': no URL paths identified
2015-11-13 09:17:36.523 DEBUG 8616 --- [main] o.s.w.s.h.BeanNameUrlHandlerMapping      : Rejected bean name 'org.springframework.boot.autoconfigure.jackson.JacksonAutoConfiguration$JacksonObjectMapperConfiguration': no URL paths identified
2015-11-13 09:17:36.523 DEBUG 8616 --- [main] o.s.w.s.h.BeanNameUrlHandlerMapping      : Rejected bean name 'jacksonObjectMapper': no URL paths identified
2015-11-13 09:17:36.523 DEBUG 8616 --- [main] o.s.w.s.h.BeanNameUrlHandlerMapping      : Rejected bean name 'org.springframework.boot.autoconfigure.jackson.JacksonAutoConfiguration': no URL paths identified
2015-11-13 09:17:36.523 DEBUG 8616 --- [main] o.s.w.s.h.BeanNameUrlHandlerMapping      : Rejected bean name 'org.springframework.boot.autoconfigure.web.HttpMessageConvertersAutoConfiguration$StringHttpMessageConverterConfiguration': no URL paths identified
2015-11-13 09:17:36.523 DEBUG 8616 --- [main] o.s.w.s.h.BeanNameUrlHandlerMapping      : Rejected bean name 'stringHttpMessageConverter': no URL paths identified
2015-11-13 09:17:36.524 DEBUG 8616 --- [main] o.s.w.s.h.BeanNameUrlHandlerMapping      : Rejected bean name 'spring.http.encoding.CONFIGURATION_PROPERTIES': no URL paths identified
2015-11-13 09:17:36.524 DEBUG 8616 --- [main] o.s.w.s.h.BeanNameUrlHandlerMapping      : Rejected bean name 'org.springframework.boot.autoconfigure.web.JacksonHttpMessageConvertersConfiguration$MappingJackson2HttpMessageConverterConfiguration': no URL paths identified
2015-11-13 09:17:36.524 DEBUG 8616 --- [main] o.s.w.s.h.BeanNameUrlHandlerMapping      : Rejected bean name 'mappingJackson2HttpMessageConverter': no URL paths identified
2015-11-13 09:17:36.524 DEBUG 8616 --- [main] o.s.w.s.h.BeanNameUrlHandlerMapping      : Rejected bean name 'org.springframework.boot.autoconfigure.web.JacksonHttpMessageConvertersConfiguration': no URL paths identified
2015-11-13 09:17:36.524 DEBUG 8616 --- [main] o.s.w.s.h.BeanNameUrlHandlerMapping      : Rejected bean name 'org.springframework.boot.autoconfigure.web.GsonHttpMessageConvertersConfiguration': no URL paths identified
2015-11-13 09:17:36.525 DEBUG 8616 --- [main] o.s.w.s.h.BeanNameUrlHandlerMapping      : Rejected bean name 'org.springframework.boot.autoconfigure.web.HttpMessageConvertersAutoConfiguration': no URL paths identified
2015-11-13 09:17:36.525 DEBUG 8616 --- [main] o.s.w.s.h.BeanNameUrlHandlerMapping      : Rejected bean name 'messageConverters': no URL paths identified
2015-11-13 09:17:36.525 DEBUG 8616 --- [main] o.s.w.s.h.BeanNameUrlHandlerMapping      : Rejected bean name 'org.springframework.data.web.config.SpringDataWebConfiguration': no URL paths identified
2015-11-13 09:17:36.525 DEBUG 8616 --- [main] o.s.w.s.h.BeanNameUrlHandlerMapping      : Rejected bean name 'pageableResolver': no URL paths identified
2015-11-13 09:17:36.525 DEBUG 8616 --- [main] o.s.w.s.h.BeanNameUrlHandlerMapping      : Rejected bean name 'sortResolver': no URL paths identified
2015-11-13 09:17:36.525 DEBUG 8616 --- [main] o.s.w.s.h.BeanNameUrlHandlerMapping      : Rejected bean name 'org.springframework.data.web.config.SpringDataJacksonConfiguration': no URL paths identified
2015-11-13 09:17:36.526 DEBUG 8616 --- [main] o.s.w.s.h.BeanNameUrlHandlerMapping      : Rejected bean name 'jacksonGeoModule': no URL paths identified
2015-11-13 09:17:36.526 DEBUG 8616 --- [main] o.s.w.s.h.BeanNameUrlHandlerMapping      : Rejected bean name 'org.springframework.boot.autoconfigure.data.web.SpringDataWebAutoConfiguration': no URL paths identified
2015-11-13 09:17:36.526 DEBUG 8616 --- [main] o.s.w.s.h.BeanNameUrlHandlerMapping      : Rejected bean name 'org.springframework.boot.autoconfigure.jmx.JmxAutoConfiguration': no URL paths identified
2015-11-13 09:17:36.526 DEBUG 8616 --- [main] o.s.w.s.h.BeanNameUrlHandlerMapping      : Rejected bean name 'mbeanExporter': no URL paths identified
2015-11-13 09:17:36.526 DEBUG 8616 --- [main] o.s.w.s.h.BeanNameUrlHandlerMapping      : Rejected bean name 'objectNamingStrategy': no URL paths identified
2015-11-13 09:17:36.526 DEBUG 8616 --- [main] o.s.w.s.h.BeanNameUrlHandlerMapping      : Rejected bean name 'mbeanServer': no URL paths identified
2015-11-13 09:17:36.526 DEBUG 8616 --- [main] o.s.w.s.h.BeanNameUrlHandlerMapping      : Rejected bean name 'org.springframework.transaction.annotation.ProxyTransactionManagementConfiguration': no URL paths identified
2015-11-13 09:17:36.527 DEBUG 8616 --- [main] o.s.w.s.h.BeanNameUrlHandlerMapping      : Rejected bean name 'org.springframework.transaction.config.internalTransactionAdvisor': no URL paths identified
2015-11-13 09:17:36.527 DEBUG 8616 --- [main] o.s.w.s.h.BeanNameUrlHandlerMapping      : Rejected bean name 'transactionAttributeSource': no URL paths identified
2015-11-13 09:17:36.527 DEBUG 8616 --- [main] o.s.w.s.h.BeanNameUrlHandlerMapping      : Rejected bean name 'transactionInterceptor': no URL paths identified
2015-11-13 09:17:36.527 DEBUG 8616 --- [main] o.s.w.s.h.BeanNameUrlHandlerMapping      : Rejected bean name 'org.springframework.boot.autoconfigure.jdbc.DataSourceTransactionManagerAutoConfiguration$TransactionManagementConfiguration': no URL paths identified
2015-11-13 09:17:36.527 DEBUG 8616 --- [main] o.s.w.s.h.BeanNameUrlHandlerMapping      : Rejected bean name 'org.springframework.boot.autoconfigure.jdbc.DataSourceTransactionManagerAutoConfiguration': no URL paths identified
2015-11-13 09:17:36.527 DEBUG 8616 --- [main] o.s.w.s.h.BeanNameUrlHandlerMapping      : Rejected bean name 'org.springframework.boot.autoconfigure.jms.activemq.ActiveMQConnectionFactoryConfiguration': no URL paths identified
2015-11-13 09:17:36.528 DEBUG 8616 --- [main] o.s.w.s.h.BeanNameUrlHandlerMapping      : Rejected bean name 'jmsConnectionFactory': no URL paths identified
2015-11-13 09:17:36.528 DEBUG 8616 --- [main] o.s.w.s.h.BeanNameUrlHandlerMapping      : Rejected bean name 'org.springframework.boot.autoconfigure.jms.activemq.ActiveMQAutoConfiguration': no URL paths identified
2015-11-13 09:17:36.528 DEBUG 8616 --- [main] o.s.w.s.h.BeanNameUrlHandlerMapping      : Rejected bean name 'spring.activemq.CONFIGURATION_PROPERTIES': no URL paths identified
2015-11-13 09:17:36.528 DEBUG 8616 --- [main] o.s.w.s.h.BeanNameUrlHandlerMapping      : Rejected bean name 'org.springframework.boot.autoconfigure.jms.JmsAutoConfiguration$MessagingTemplateConfiguration': no URL paths identified
2015-11-13 09:17:36.528 DEBUG 8616 --- [main] o.s.w.s.h.BeanNameUrlHandlerMapping      : Rejected bean name 'jmsMessagingTemplate': no URL paths identified
2015-11-13 09:17:36.528 DEBUG 8616 --- [main] o.s.w.s.h.BeanNameUrlHandlerMapping      : Rejected bean name 'org.springframework.boot.autoconfigure.jms.JmsAnnotationDrivenConfiguration': no URL paths identified
2015-11-13 09:17:36.529 DEBUG 8616 --- [main] o.s.w.s.h.BeanNameUrlHandlerMapping      : Rejected bean name 'jmsListenerContainerFactory': no URL paths identified
2015-11-13 09:17:36.529 DEBUG 8616 --- [main] o.s.w.s.h.BeanNameUrlHandlerMapping      : Rejected bean name 'org.springframework.boot.autoconfigure.jms.JmsAutoConfiguration': no URL paths identified
2015-11-13 09:17:36.529 DEBUG 8616 --- [main] o.s.w.s.h.BeanNameUrlHandlerMapping      : Rejected bean name 'jmsTemplate': no URL paths identified
2015-11-13 09:17:36.529 DEBUG 8616 --- [main] o.s.w.s.h.BeanNameUrlHandlerMapping      : Rejected bean name 'spring.jms.CONFIGURATION_PROPERTIES': no URL paths identified
2015-11-13 09:17:36.529 DEBUG 8616 --- [main] o.s.w.s.h.BeanNameUrlHandlerMapping      : Rejected bean name 'org.springframework.boot.autoconfigure.security.SpringBootWebSecurityConfiguration$ApplicationWebSecurityConfigurerAdapter': no URL paths identified
2015-11-13 09:17:36.529 DEBUG 8616 --- [main] o.s.w.s.h.BeanNameUrlHandlerMapping      : Rejected bean name 'org.springframework.security.config.annotation.authentication.configuration.AuthenticationConfiguration': no URL paths identified
2015-11-13 09:17:36.530 DEBUG 8616 --- [main] o.s.w.s.h.BeanNameUrlHandlerMapping      : Rejected bean name 'authenticationManagerBuilder': no URL paths identified
2015-11-13 09:17:36.530 DEBUG 8616 --- [main] o.s.w.s.h.BeanNameUrlHandlerMapping      : Rejected bean name 'enableGlobalAuthenticationAutowiredConfigurer': no URL paths identified
2015-11-13 09:17:36.530 DEBUG 8616 --- [main] o.s.w.s.h.BeanNameUrlHandlerMapping      : Rejected bean name 'org.springframework.security.config.annotation.web.configuration.WebSecurityConfiguration': no URL paths identified
2015-11-13 09:17:36.530 DEBUG 8616 --- [main] o.s.w.s.h.BeanNameUrlHandlerMapping      : Rejected bean name 'delegatingApplicationListener': no URL paths identified
2015-11-13 09:17:36.530 DEBUG 8616 --- [main] o.s.w.s.h.BeanNameUrlHandlerMapping      : Rejected bean name 'webSecurityExpressionHandler': no URL paths identified
2015-11-13 09:17:36.531 DEBUG 8616 --- [main] o.s.w.s.h.BeanNameUrlHandlerMapping      : Rejected bean name 'privilegeEvaluator': no URL paths identified
2015-11-13 09:17:36.531 DEBUG 8616 --- [main] o.s.w.s.h.BeanNameUrlHandlerMapping      : Rejected bean name 'autowiredWebSecurityConfigurersIgnoreParents': no URL paths identified
2015-11-13 09:17:36.531 DEBUG 8616 --- [main] o.s.w.s.h.BeanNameUrlHandlerMapping      : Rejected bean name 'org.springframework.security.config.annotation.configuration.ObjectPostProcessorConfiguration': no URL paths identified
2015-11-13 09:17:36.531 DEBUG 8616 --- [main] o.s.w.s.h.BeanNameUrlHandlerMapping      : Rejected bean name 'objectPostProcessor': no URL paths identified
2015-11-13 09:17:36.531 DEBUG 8616 --- [main] o.s.w.s.h.BeanNameUrlHandlerMapping      : Rejected bean name 'org.springframework.security.config.annotation.web.servlet.configuration.WebMvcSecurityConfiguration': no URL paths identified
2015-11-13 09:17:36.531 DEBUG 8616 --- [main] o.s.w.s.h.BeanNameUrlHandlerMapping      : Rejected bean name 'requestDataValueProcessor': no URL paths identified
2015-11-13 09:17:36.532 DEBUG 8616 --- [main] o.s.w.s.h.BeanNameUrlHandlerMapping      : Rejected bean name 'org.springframework.boot.autoconfigure.security.SpringBootWebSecurityConfiguration$WebMvcSecurityConfigurationConditions$DefaultWebMvcSecurityConfiguration': no URL paths identified
2015-11-13 09:17:36.532 DEBUG 8616 --- [main] o.s.w.s.h.BeanNameUrlHandlerMapping      : Rejected bean name 'org.springframework.boot.autoconfigure.security.SpringBootWebSecurityConfiguration$WebMvcSecurityConfigurationConditions': no URL paths identified
2015-11-13 09:17:36.532 DEBUG 8616 --- [main] o.s.w.s.h.BeanNameUrlHandlerMapping      : Rejected bean name 'org.springframework.boot.autoconfigure.security.SpringBootWebSecurityConfiguration': no URL paths identified
2015-11-13 09:17:36.532 DEBUG 8616 --- [main] o.s.w.s.h.BeanNameUrlHandlerMapping      : Rejected bean name 'ignoredPathsWebSecurityConfigurerAdapter': no URL paths identified
2015-11-13 09:17:36.532 DEBUG 8616 --- [main] o.s.w.s.h.BeanNameUrlHandlerMapping      : Rejected bean name 'securityFilterChainRegistration': no URL paths identified
2015-11-13 09:17:36.532 DEBUG 8616 --- [main] o.s.w.s.h.BeanNameUrlHandlerMapping      : Rejected bean name 'org.springframework.boot.autoconfigure.security.BootGlobalAuthenticationConfiguration': no URL paths identified
2015-11-13 09:17:36.532 DEBUG 8616 --- [main] o.s.w.s.h.BeanNameUrlHandlerMapping      : Rejected bean name 'bootGlobalAuthenticationConfigurationAdapter': no URL paths identified
2015-11-13 09:17:36.533 DEBUG 8616 --- [main] o.s.w.s.h.BeanNameUrlHandlerMapping      : Rejected bean name 'org.springframework.boot.autoconfigure.security.SecurityAutoConfiguration': no URL paths identified
2015-11-13 09:17:36.533 DEBUG 8616 --- [main] o.s.w.s.h.BeanNameUrlHandlerMapping      : Rejected bean name 'securityProperties': no URL paths identified
2015-11-13 09:17:36.533 DEBUG 8616 --- [main] o.s.w.s.h.BeanNameUrlHandlerMapping      : Rejected bean name 'org.springframework.boot.autoconfigure.web.HttpEncodingAutoConfiguration': no URL paths identified
2015-11-13 09:17:36.533 DEBUG 8616 --- [main] o.s.w.s.h.BeanNameUrlHandlerMapping      : Rejected bean name 'characterEncodingFilter': no URL paths identified
2015-11-13 09:17:36.533 DEBUG 8616 --- [main] o.s.w.s.h.BeanNameUrlHandlerMapping      : Rejected bean name 'org.springframework.boot.autoconfigure.web.MultipartAutoConfiguration': no URL paths identified
2015-11-13 09:17:36.533 DEBUG 8616 --- [main] o.s.w.s.h.BeanNameUrlHandlerMapping      : Rejected bean name 'multipartConfigElement': no URL paths identified
2015-11-13 09:17:36.534 DEBUG 8616 --- [main] o.s.w.s.h.BeanNameUrlHandlerMapping      : Rejected bean name 'multipartResolver': no URL paths identified
2015-11-13 09:17:36.534 DEBUG 8616 --- [main] o.s.w.s.h.BeanNameUrlHandlerMapping      : Rejected bean name 'multipart.CONFIGURATION_PROPERTIES': no URL paths identified
2015-11-13 09:17:36.534 DEBUG 8616 --- [main] o.s.w.s.h.BeanNameUrlHandlerMapping      : Rejected bean name 'org.springframework.boot.autoconfigure.web.ServerPropertiesAutoConfiguration': no URL paths identified
2015-11-13 09:17:36.534 DEBUG 8616 --- [main] o.s.w.s.h.BeanNameUrlHandlerMapping      : Rejected bean name 'serverProperties': no URL paths identified
2015-11-13 09:17:36.534 DEBUG 8616 --- [main] o.s.w.s.h.BeanNameUrlHandlerMapping      : Rejected bean name 'org.springframework.orm.jpa.SharedEntityManagerCreator#0': no URL paths identified
2015-11-13 09:17:36.534 DEBUG 8616 --- [main] o.s.w.s.h.BeanNameUrlHandlerMapping      : Rejected bean name 'autoConfigurationReport': no URL paths identified
2015-11-13 09:17:36.535 DEBUG 8616 --- [main] o.s.w.s.h.BeanNameUrlHandlerMapping      : Rejected bean name 'applicationEventMulticaster': no URL paths identified
2015-11-13 09:17:36.535 DEBUG 8616 --- [main] o.s.w.s.h.BeanNameUrlHandlerMapping      : Rejected bean name 'environment': no URL paths identified
2015-11-13 09:17:36.535 DEBUG 8616 --- [main] o.s.w.s.h.BeanNameUrlHandlerMapping      : Rejected bean name 'systemProperties': no URL paths identified
2015-11-13 09:17:36.535 DEBUG 8616 --- [main] o.s.w.s.h.BeanNameUrlHandlerMapping      : Rejected bean name 'systemEnvironment': no URL paths identified
2015-11-13 09:17:36.535 DEBUG 8616 --- [main] o.s.w.s.h.BeanNameUrlHandlerMapping      : Rejected bean name 'org.springframework.context.annotation.ConfigurationClassPostProcessor.importRegistry': no URL paths identified
2015-11-13 09:17:36.535 DEBUG 8616 --- [main] o.s.w.s.h.BeanNameUrlHandlerMapping      : Rejected bean name 'messageSource': no URL paths identified
2015-11-13 09:17:36.536 DEBUG 8616 --- [main] o.s.w.s.h.BeanNameUrlHandlerMapping      : Rejected bean name 'servletContext': no URL paths identified
2015-11-13 09:17:36.536 DEBUG 8616 --- [main] o.s.w.s.h.BeanNameUrlHandlerMapping      : Rejected bean name 'contextParameters': no URL paths identified
2015-11-13 09:17:36.536 DEBUG 8616 --- [main] o.s.w.s.h.BeanNameUrlHandlerMapping      : Rejected bean name 'contextAttributes': no URL paths identified
2015-11-13 09:17:36.549  INFO 8616 --- [main] o.s.w.s.handler.SimpleUrlHandlerMapping  : Mapped URL path [/webjars/**] onto handler of type [class org.springframework.web.servlet.resource.ResourceHttpRequestHandler]
2015-11-13 09:17:36.550  INFO 8616 --- [main] o.s.w.s.handler.SimpleUrlHandlerMapping  : Mapped URL path [/**] onto handler of type [class org.springframework.web.servlet.resource.ResourceHttpRequestHandler]
2015-11-13 09:17:36.589 DEBUG 8616 --- [main] .m.m.a.ExceptionHandlerExceptionResolver : Looking for exception mappings: org.springframework.boot.context.embedded.AnnotationConfigEmbeddedWebApplicationContext@10c2e6b: startup date [Fri Nov 13 09:17:08 SAST 2015]; root of context hierarchy
2015-11-13 09:17:36.673  INFO 8616 --- [main] o.s.w.s.handler.SimpleUrlHandlerMapping  : Mapped URL path [/**/favicon.ico] onto handler of type [class org.springframework.web.servlet.resource.ResourceHttpRequestHandler]
2015-11-13 09:17:37.829  INFO 8616 --- [main] o.s.j.e.a.AnnotationMBeanExporter        : Registering beans for JMX exposure on startup
2015-11-13 09:17:37.878  INFO 8616 --- [main] o.s.c.support.DefaultLifecycleProcessor  : Starting beans in phase 2147483647
2015-11-13 09:17:37.896 DEBUG 8616 --- [main] o.s.w.s.resource.ResourceUrlProvider     : Looking for resource handler mappings
2015-11-13 09:17:37.901 DEBUG 8616 --- [main] o.s.w.s.resource.ResourceUrlProvider     : Found resource handler mapping: URL pattern="/**/favicon.ico", locations=[class path resource [META-INF/resources/], class path resource [resources/], class path resource [static/], class path resource [public/], class path resource []], resolvers=[org.springframework.web.servlet.resource.PathResourceResolver@25d0d1]
2015-11-13 09:17:37.901 DEBUG 8616 --- [main] o.s.w.s.resource.ResourceUrlProvider     : Found resource handler mapping: URL pattern="/webjars/**", locations=[class path resource [META-INF/resources/webjars/]], resolvers=[org.springframework.web.servlet.resource.PathResourceResolver@c8ee48]
2015-11-13 09:17:37.902 DEBUG 8616 --- [main] o.s.w.s.resource.ResourceUrlProvider     : Found resource handler mapping: URL pattern="/**", locations=[ServletContext resource [/], class path resource [META-INF/resources/], class path resource [resources/], class path resource [static/], class path resource [public/]], resolvers=[org.springframework.web.servlet.resource.PathResourceResolver@45b21a]
2015-11-13 09:17:37.902  INFO 8616 --- [main] c.m.swagger.plugin.SwaggerPluginAdapter  : Context refreshed
2015-11-13 09:17:37.904  INFO 8616 --- [main] c.m.swagger.plugin.SwaggerPluginAdapter  : Found custom SwaggerSpringMvcPlugins
2015-11-13 09:17:37.905  INFO 8616 --- [main] c.m.swagger.plugin.SwaggerPluginAdapter  : initializing plugin bean customImplementation
2015-11-13 09:17:38.004  INFO 8616 --- [main] c.m.s.s.ApiListingReferenceScanner       : Scanning for api listing references
2015-11-13 09:17:38.043  INFO 8616 --- [main] c.m.s.s.ApiListingReferenceScanner       : Request mapping: findRequestTypeQuestionnaires belongs to groups: [[ResourceGroup{groupName='service'}]] 
2015-11-13 09:17:38.044  INFO 8616 --- [main] c.m.s.s.ApiListingReferenceScanner       : Adding resource to group:ResourceGroup{groupName='service'} with description:Service for handler method:findRequestTypeQuestionnaires
2015-11-13 09:17:38.050  INFO 8616 --- [main] c.m.s.s.ApiListingReferenceScanner       : Request mapping: createGenericPolicyRequest belongs to groups: [[ResourceGroup{groupName='service'}]] 
2015-11-13 09:17:38.066  INFO 8616 --- [main] c.m.s.s.ApiListingReferenceScanner       : Adding resource to group:ResourceGroup{groupName='service'} with description:Service for handler method:createGenericPolicyRequest
2015-11-13 09:17:38.067  INFO 8616 --- [main] c.m.s.s.ApiListingReferenceScanner       : Request mapping: getGenericPolicyRequest belongs to groups: [[ResourceGroup{groupName='service'}]] 
2015-11-13 09:17:38.067  INFO 8616 --- [main] c.m.s.s.ApiListingReferenceScanner       : Adding resource to group:ResourceGroup{groupName='service'} with description:Service for handler method:getGenericPolicyRequest
2015-11-13 09:17:38.072  INFO 8616 --- [main] c.m.s.s.ApiListingReferenceScanner       : Request mapping: createPolicy belongs to groups: [[ResourceGroup{groupName='service'}]] 
2015-11-13 09:17:38.073  INFO 8616 --- [main] c.m.s.s.ApiListingReferenceScanner       : Adding resource to group:ResourceGroup{groupName='service'} with description:Service for handler method:createPolicy
2015-11-13 09:17:38.074  INFO 8616 --- [main] c.m.s.s.ApiListingReferenceScanner       : Request mapping: updatePolicy belongs to groups: [[ResourceGroup{groupName='service'}]] 
2015-11-13 09:17:38.074  INFO 8616 --- [main] c.m.s.s.ApiListingReferenceScanner       : Adding resource to group:ResourceGroup{groupName='service'} with description:Service for handler method:updatePolicy
2015-11-13 09:17:38.079  INFO 8616 --- [main] c.m.s.s.ApiListingReferenceScanner       : Request mapping: getSubAgents belongs to groups: [[ResourceGroup{groupName='service'}]] 
2015-11-13 09:17:38.079  INFO 8616 --- [main] c.m.s.s.ApiListingReferenceScanner       : Adding resource to group:ResourceGroup{groupName='service'} with description:Service for handler method:getSubAgents
2015-11-13 09:17:38.080  INFO 8616 --- [main] c.m.s.s.ApiListingReferenceScanner       : Request mapping: updateClient belongs to groups: [[ResourceGroup{groupName='service'}]] 
2015-11-13 09:17:38.080  INFO 8616 --- [main] c.m.s.s.ApiListingReferenceScanner       : Adding resource to group:ResourceGroup{groupName='service'} with description:Service for handler method:updateClient
2015-11-13 09:17:38.081  INFO 8616 --- [main] c.m.s.s.ApiListingReferenceScanner       : Request mapping: generatePolicySchedule belongs to groups: [[ResourceGroup{groupName='service'}]] 
2015-11-13 09:17:38.081  INFO 8616 --- [main] c.m.s.s.ApiListingReferenceScanner       : Adding resource to group:ResourceGroup{groupName='service'} with description:Service for handler method:generatePolicySchedule
2015-11-13 09:17:38.082  INFO 8616 --- [main] c.m.s.s.ApiListingReferenceScanner       : Request mapping: viewQuotationPDF belongs to groups: [[ResourceGroup{groupName='service'}]] 
2015-11-13 09:17:38.082  INFO 8616 --- [main] c.m.s.s.ApiListingReferenceScanner       : Adding resource to group:ResourceGroup{groupName='service'} with description:Service for handler method:viewQuotationPDF
2015-11-13 09:17:38.083  INFO 8616 --- [main] c.m.s.s.ApiListingReferenceScanner       : Request mapping: findQuestionnaires belongs to groups: [[ResourceGroup{groupName='service'}]] 
2015-11-13 09:17:38.083  INFO 8616 --- [main] c.m.s.s.ApiListingReferenceScanner       : Adding resource to group:ResourceGroup{groupName='service'} with description:Service for handler method:findQuestionnaires
2015-11-13 09:17:38.084  INFO 8616 --- [main] c.m.s.s.ApiListingReferenceScanner       : Request mapping: findAllBrokers belongs to groups: [[ResourceGroup{groupName='service'}]] 
2015-11-13 09:17:38.084  INFO 8616 --- [main] c.m.s.s.ApiListingReferenceScanner       : Adding resource to group:ResourceGroup{groupName='service'} with description:Service for handler method:findAllBrokers
2015-11-13 09:17:38.085  INFO 8616 --- [main] c.m.s.s.ApiListingReferenceScanner       : Request mapping: createQuotationRequest belongs to groups: [[ResourceGroup{groupName='service'}]] 
2015-11-13 09:17:38.085  INFO 8616 --- [main] c.m.s.s.ApiListingReferenceScanner       : Adding resource to group:ResourceGroup{groupName='service'} with description:Service for handler method:createQuotationRequest
2015-11-13 09:17:38.086  INFO 8616 --- [main] c.m.s.s.ApiListingReferenceScanner       : Request mapping: getQuotationRequest belongs to groups: [[ResourceGroup{groupName='service'}]] 
2015-11-13 09:17:38.086  INFO 8616 --- [main] c.m.s.s.ApiListingReferenceScanner       : Adding resource to group:ResourceGroup{groupName='service'} with description:Service for handler method:getQuotationRequest
2015-11-13 09:17:38.087  INFO 8616 --- [main] c.m.s.s.ApiListingReferenceScanner       : Request mapping: rejectQuotationRequest belongs to groups: [[ResourceGroup{groupName='service'}]] 
2015-11-13 09:17:38.087  INFO 8616 --- [main] c.m.s.s.ApiListingReferenceScanner       : Adding resource to group:ResourceGroup{groupName='service'} with description:Service for handler method:rejectQuotationRequest
2015-11-13 09:17:38.105  INFO 8616 --- [main] c.m.s.s.ApiListingReferenceScanner       : Request mapping: createNewQuotation belongs to groups: [[ResourceGroup{groupName='service'}]] 
2015-11-13 09:17:38.105  INFO 8616 --- [main] c.m.s.s.ApiListingReferenceScanner       : Adding resource to group:ResourceGroup{groupName='service'} with description:Service for handler method:createNewQuotation
2015-11-13 09:17:38.106  INFO 8616 --- [main] c.m.s.s.ApiListingReferenceScanner       : Request mapping: submitNewQuotation belongs to groups: [[ResourceGroup{groupName='service'}]] 
2015-11-13 09:17:38.106  INFO 8616 --- [main] c.m.s.s.ApiListingReferenceScanner       : Adding resource to group:ResourceGroup{groupName='service'} with description:Service for handler method:submitNewQuotation
2015-11-13 09:17:38.107  INFO 8616 --- [main] c.m.s.s.ApiListingReferenceScanner       : Request mapping: getQuotation belongs to groups: [[ResourceGroup{groupName='service'}]] 
2015-11-13 09:17:38.107  INFO 8616 --- [main] c.m.s.s.ApiListingReferenceScanner       : Adding resource to group:ResourceGroup{groupName='service'} with description:Service for handler method:getQuotation
2015-11-13 09:17:38.107  INFO 8616 --- [main] c.m.s.s.ApiListingReferenceScanner       : Request mapping: getQuotationSelected belongs to groups: [[ResourceGroup{groupName='service'}]] 
2015-11-13 09:17:38.108  INFO 8616 --- [main] c.m.s.s.ApiListingReferenceScanner       : Adding resource to group:ResourceGroup{groupName='service'} with description:Service for handler method:getQuotationSelected
2015-11-13 09:17:38.108  INFO 8616 --- [main] c.m.s.s.ApiListingReferenceScanner       : Request mapping: createPolicyRequest belongs to groups: [[ResourceGroup{groupName='service'}]] 
2015-11-13 09:17:38.108  INFO 8616 --- [main] c.m.s.s.ApiListingReferenceScanner       : Adding resource to group:ResourceGroup{groupName='service'} with description:Service for handler method:createPolicyRequest
2015-11-13 09:17:38.109  INFO 8616 --- [main] c.m.s.s.ApiListingReferenceScanner       : Request mapping: getPolicyRequest belongs to groups: [[ResourceGroup{groupName='service'}]] 
2015-11-13 09:17:38.109  INFO 8616 --- [main] c.m.s.s.ApiListingReferenceScanner       : Adding resource to group:ResourceGroup{groupName='service'} with description:Service for handler method:getPolicyRequest
2015-11-13 09:17:38.110  INFO 8616 --- [main] c.m.s.s.ApiListingReferenceScanner       : Request mapping: rejectPolicyRequest belongs to groups: [[ResourceGroup{groupName='service'}]] 
2015-11-13 09:17:38.110  INFO 8616 --- [main] c.m.s.s.ApiListingReferenceScanner       : Adding resource to group:ResourceGroup{groupName='service'} with description:Service for handler method:rejectPolicyRequest
2015-11-13 09:17:38.111  INFO 8616 --- [main] c.m.s.s.ApiListingReferenceScanner       : Request mapping: findAllQuotations belongs to groups: [[ResourceGroup{groupName='service'}]] 
2015-11-13 09:17:38.111  INFO 8616 --- [main] c.m.s.s.ApiListingReferenceScanner       : Adding resource to group:ResourceGroup{groupName='service'} with description:Service for handler method:findAllQuotations
2015-11-13 09:17:38.112  INFO 8616 --- [main] c.m.s.s.ApiListingReferenceScanner       : Request mapping: getClient belongs to groups: [[ResourceGroup{groupName='service'}]] 
2015-11-13 09:17:38.112  INFO 8616 --- [main] c.m.s.s.ApiListingReferenceScanner       : Adding resource to group:ResourceGroup{groupName='service'} with description:Service for handler method:getClient
2015-11-13 09:17:38.113  INFO 8616 --- [main] c.m.s.s.ApiListingReferenceScanner       : Request mapping: findAllClients belongs to groups: [[ResourceGroup{groupName='service'}]] 
2015-11-13 09:17:38.113  INFO 8616 --- [main] c.m.s.s.ApiListingReferenceScanner       : Adding resource to group:ResourceGroup{groupName='service'} with description:Service for handler method:findAllClients
2015-11-13 09:17:38.113  INFO 8616 --- [main] c.m.s.s.ApiListingReferenceScanner       : Request mapping: findAllClaimTypes belongs to groups: [[ResourceGroup{groupName='service'}]] 
2015-11-13 09:17:38.113  INFO 8616 --- [main] c.m.s.s.ApiListingReferenceScanner       : Adding resource to group:ResourceGroup{groupName='service'} with description:Service for handler method:findAllClaimTypes
2015-11-13 09:17:38.114  INFO 8616 --- [main] c.m.s.s.ApiListingReferenceScanner       : Request mapping: findClaimQuestionnaires belongs to groups: [[ResourceGroup{groupName='service'}]] 
2015-11-13 09:17:38.114  INFO 8616 --- [main] c.m.s.s.ApiListingReferenceScanner       : Adding resource to group:ResourceGroup{groupName='service'} with description:Service for handler method:findClaimQuestionnaires
2015-11-13 09:17:38.115  INFO 8616 --- [main] c.m.s.s.ApiListingReferenceScanner       : Request mapping: getAllClaimRequests belongs to groups: [[ResourceGroup{groupName='service'}]] 
2015-11-13 09:17:38.115  INFO 8616 --- [main] c.m.s.s.ApiListingReferenceScanner       : Adding resource to group:ResourceGroup{groupName='service'} with description:Service for handler method:getAllClaimRequests
2015-11-13 09:17:38.116  INFO 8616 --- [main] c.m.s.s.ApiListingReferenceScanner       : Request mapping: getClaimRequest belongs to groups: [[ResourceGroup{groupName='service'}]] 
2015-11-13 09:17:38.128  INFO 8616 --- [main] c.m.s.s.ApiListingReferenceScanner       : Adding resource to group:ResourceGroup{groupName='service'} with description:Service for handler method:getClaimRequest
2015-11-13 09:17:38.129  INFO 8616 --- [main] c.m.s.s.ApiListingReferenceScanner       : Request mapping: createClaimRequest belongs to groups: [[ResourceGroup{groupName='service'}]] 
2015-11-13 09:17:38.130  INFO 8616 --- [main] c.m.s.s.ApiListingReferenceScanner       : Adding resource to group:ResourceGroup{groupName='service'} with description:Service for handler method:createClaimRequest
2015-11-13 09:17:38.131  INFO 8616 --- [main] c.m.s.s.ApiListingReferenceScanner       : Request mapping: findAllRequestTypes belongs to groups: [[ResourceGroup{groupName='service'}]] 
2015-11-13 09:17:38.131  INFO 8616 --- [main] c.m.s.s.ApiListingReferenceScanner       : Adding resource to group:ResourceGroup{groupName='service'} with description:Service for handler method:findAllRequestTypes
2015-11-13 09:17:38.131  INFO 8616 --- [main] c.m.s.s.ApiListingReferenceScanner       : Request mapping: findAllUsers belongs to groups: [[ResourceGroup{groupName='service'}]] 
2015-11-13 09:17:38.131  INFO 8616 --- [main] c.m.s.s.ApiListingReferenceScanner       : Adding resource to group:ResourceGroup{groupName='service'} with description:Service for handler method:findAllUsers
2015-11-13 09:17:38.132  INFO 8616 --- [main] c.m.s.s.ApiListingReferenceScanner       : Request mapping: findAllProducts belongs to groups: [[ResourceGroup{groupName='service'}]] 
2015-11-13 09:17:38.132  INFO 8616 --- [main] c.m.s.s.ApiListingReferenceScanner       : Adding resource to group:ResourceGroup{groupName='service'} with description:Service for handler method:findAllProducts
2015-11-13 09:17:38.133  INFO 8616 --- [main] c.m.s.s.ApiListingReferenceScanner       : Request mapping: getAllPolicyRequests belongs to groups: [[ResourceGroup{groupName='service'}]] 
2015-11-13 09:17:38.133  INFO 8616 --- [main] c.m.s.s.ApiListingReferenceScanner       : Adding resource to group:ResourceGroup{groupName='service'} with description:Service for handler method:getAllPolicyRequests
2015-11-13 09:17:38.133  INFO 8616 --- [main] c.m.s.s.ApiListingReferenceScanner       : Request mapping: getPolicies belongs to groups: [[ResourceGroup{groupName='service'}]] 
2015-11-13 09:17:38.133  INFO 8616 --- [main] c.m.s.s.ApiListingReferenceScanner       : Adding resource to group:ResourceGroup{groupName='service'} with description:Service for handler method:getPolicies
2015-11-13 09:17:38.134  INFO 8616 --- [main] c.m.s.s.ApiListingReferenceScanner       : Request mapping: getPolicy belongs to groups: [[ResourceGroup{groupName='service'}]] 
2015-11-13 09:17:38.134  INFO 8616 --- [main] c.m.s.s.ApiListingReferenceScanner       : Adding resource to group:ResourceGroup{groupName='service'} with description:Service for handler method:getPolicy
2015-11-13 09:17:38.135  INFO 8616 --- [main] c.m.s.s.ApiListingReferenceScanner       : Excluding method as it contains the excluded annotation: interface com.mangofactory.swagger.annotations.ApiIgnore
2015-11-13 09:17:38.135  INFO 8616 --- [main] c.m.s.s.ApiListingReferenceScanner       : Excluding method as it contains the excluded annotation: interface com.mangofactory.swagger.annotations.ApiIgnore
2015-11-13 09:17:38.135  INFO 8616 --- [main] c.m.s.s.ApiListingReferenceScanner       : Request mapping: errorHtml belongs to groups: [[ResourceGroup{groupName='basic-error-controller'}]] 
2015-11-13 09:17:38.135  INFO 8616 --- [main] c.m.s.s.ApiListingReferenceScanner       : Adding resource to group:ResourceGroup{groupName='basic-error-controller'} with description:Basic Error Controller for handler method:errorHtml
2015-11-13 09:17:38.136  INFO 8616 --- [main] c.m.s.s.ApiListingReferenceScanner       : Request mapping: error belongs to groups: [[ResourceGroup{groupName='basic-error-controller'}]] 
2015-11-13 09:17:38.136  INFO 8616 --- [main] c.m.s.s.ApiListingReferenceScanner       : Adding resource to group:ResourceGroup{groupName='basic-error-controller'} with description:Basic Error Controller for handler method:error
2015-11-13 09:17:38.234  INFO 8616 --- [main] c.m.s.s.ApiListingReferenceScanner       : Created resource listing Path: /default/service Description: service Position: 0
2015-11-13 09:17:38.236  INFO 8616 --- [main] c.m.s.s.ApiListingReferenceScanner       : Created resource listing Path: /default/basic-error-controller Description: basic-error-controller Position: 0
2015-11-13 09:17:39.237  INFO 8616 --- [DefaultMessageListenerContainer-1] o.apache.activemq.broker.BrokerService   : Loaded the Bouncy Castle security provider.
2015-11-13 09:17:39.593  INFO 8616 --- [DefaultMessageListenerContainer-1] o.apache.activemq.broker.BrokerService   : Using Persistence Adapter: MemoryPersistenceAdapter
2015-11-13 09:17:39.673  INFO 8616 --- [JMX connector] o.a.a.broker.jmx.ManagementContext       : JMX consoles can connect to service:jmx:rmi:///jndi/rmi://localhost:1099/jmxrmi
2015-11-13 09:17:40.004  INFO 8616 --- [DefaultMessageListenerContainer-1] o.apache.activemq.broker.BrokerService   : Apache ActiveMQ 5.11.1 (localhost, ID:KDeveloper-43278-1447399059738-0:1) is starting
2015-11-13 09:17:40.035  INFO 8616 --- [DefaultMessageListenerContainer-1] o.apache.activemq.broker.BrokerService   : Apache ActiveMQ 5.11.1 (localhost, ID:KDeveloper-43278-1447399059738-0:1) started
2015-11-13 09:17:40.036  INFO 8616 --- [DefaultMessageListenerContainer-1] o.apache.activemq.broker.BrokerService   : For help or more information please see: http://activemq.apache.org
2015-11-13 09:17:40.048  WARN 8616 --- [DefaultMessageListenerContainer-1] o.apache.activemq.broker.BrokerService   : Memory Usage for the Broker (1024 mb) is more than the maximum available for the JVM: 910 mb - resetting to 70% of maximum available: 637 mb
2015-11-13 09:17:40.315  INFO 8616 --- [DefaultMessageListenerContainer-1] o.a.activemq.broker.TransportConnector   : Connector vm://localhost started
2015-11-13 09:17:42.579  INFO 8616 --- [main] c.m.s.core.SwaggerApiResourceListing     : Added a resource listing with (2) api resources: 
2015-11-13 09:17:42.580  INFO 8616 --- [main] c.m.s.core.SwaggerApiResourceListing     :   Basic Error Controller at location: /api-docs/default/basic-error-controller
2015-11-13 09:17:42.580  INFO 8616 --- [main] c.m.s.core.SwaggerApiResourceListing     :   Service at location: /api-docs/default/service
2015-11-13 09:17:42.744  INFO 8616 --- [main] s.b.c.e.t.TomcatEmbeddedServletContainer : Tomcat started on port(s): 8080 (http)
2015-11-13 09:17:42.750  INFO 8616 --- [main] za.co.polygon.Application                : Started Application in 35.455 seconds (JVM running for 36.89)
2015-11-13 09:18:24.240 DEBUG 8616 --- [http-nio-8080-exec-1] o.s.web.servlet.DispatcherServlet        : Initializing servlet 'dispatcherServlet'
2015-11-13 09:18:24.243  INFO 8616 --- [http-nio-8080-exec-1] o.a.c.c.C.[Tomcat].[localhost].[/]       : Initializing Spring FrameworkServlet 'dispatcherServlet'
2015-11-13 09:18:24.243  INFO 8616 --- [http-nio-8080-exec-1] o.s.web.servlet.DispatcherServlet        : FrameworkServlet 'dispatcherServlet': initialization started
2015-11-13 09:18:24.244 DEBUG 8616 --- [http-nio-8080-exec-1] o.s.web.servlet.DispatcherServlet        : Using MultipartResolver [org.springframework.web.multipart.support.StandardServletMultipartResolver@1934ce1]
2015-11-13 09:18:24.251 DEBUG 8616 --- [http-nio-8080-exec-1] o.s.web.servlet.DispatcherServlet        : Unable to locate LocaleResolver with name 'localeResolver': using default [org.springframework.web.servlet.i18n.AcceptHeaderLocaleResolver@1777377]
2015-11-13 09:18:24.262 DEBUG 8616 --- [http-nio-8080-exec-1] o.s.web.servlet.DispatcherServlet        : Unable to locate ThemeResolver with name 'themeResolver': using default [org.springframework.web.servlet.theme.FixedThemeResolver@12da58d]
2015-11-13 09:18:24.279 DEBUG 8616 --- [http-nio-8080-exec-1] o.s.web.servlet.DispatcherServlet        : Unable to locate RequestToViewNameTranslator with name 'viewNameTranslator': using default [org.springframework.web.servlet.view.DefaultRequestToViewNameTranslator@1d45b88]
2015-11-13 09:18:24.297 DEBUG 8616 --- [http-nio-8080-exec-1] o.s.web.servlet.DispatcherServlet        : Unable to locate FlashMapManager with name 'flashMapManager': using default [org.springframework.web.servlet.support.SessionFlashMapManager@178f640]
2015-11-13 09:18:24.298 DEBUG 8616 --- [http-nio-8080-exec-1] o.s.web.servlet.DispatcherServlet        : Published WebApplicationContext of servlet 'dispatcherServlet' as ServletContext attribute with name [org.springframework.web.servlet.FrameworkServlet.CONTEXT.dispatcherServlet]
2015-11-13 09:18:24.298  INFO 8616 --- [http-nio-8080-exec-1] o.s.web.servlet.DispatcherServlet        : FrameworkServlet 'dispatcherServlet': initialization completed in 55 ms
2015-11-13 09:18:24.298 DEBUG 8616 --- [http-nio-8080-exec-1] o.s.web.servlet.DispatcherServlet        : Servlet 'dispatcherServlet' configured successfully
2015-11-13 09:18:24.360 DEBUG 8616 --- [http-nio-8080-exec-1] o.s.web.servlet.DispatcherServlet        : DispatcherServlet with name 'dispatcherServlet' processing GET request for [/polygon/client-admin.html]
2015-11-13 09:18:24.373 DEBUG 8616 --- [http-nio-8080-exec-1] s.w.s.m.m.a.RequestMappingHandlerMapping : Looking up handler method for path /polygon/client-admin.html
2015-11-13 09:18:24.399 DEBUG 8616 --- [http-nio-8080-exec-1] s.w.s.m.m.a.RequestMappingHandlerMapping : Did not find handler method for [/polygon/client-admin.html]
2015-11-13 09:18:24.410 DEBUG 8616 --- [http-nio-8080-exec-1] o.s.w.s.handler.SimpleUrlHandlerMapping  : Matching patterns for request [/polygon/client-admin.html] are [/**]
2015-11-13 09:18:24.413 DEBUG 8616 --- [http-nio-8080-exec-1] o.s.w.s.handler.SimpleUrlHandlerMapping  : URI Template variables for request [/polygon/client-admin.html] are {}
2015-11-13 09:18:24.416 DEBUG 8616 --- [http-nio-8080-exec-1] o.s.w.s.handler.SimpleUrlHandlerMapping  : Mapping [/polygon/client-admin.html] to HandlerExecutionChain with handler [ResourceHttpRequestHandler [locations=[ServletContext resource [/], class path resource [META-INF/resources/], class path resource [resources/], class path resource [static/], class path resource [public/]], resolvers=[org.springframework.web.servlet.resource.PathResourceResolver@45b21a]]] and 1 interceptor
2015-11-13 09:18:24.417 DEBUG 8616 --- [http-nio-8080-exec-1] o.s.web.servlet.DispatcherServlet        : Last-Modified value for [/polygon/client-admin.html] is: -1
2015-11-13 09:18:24.452 DEBUG 8616 --- [http-nio-8080-exec-1] o.s.web.servlet.DispatcherServlet        : Null ModelAndView returned to DispatcherServlet with name 'dispatcherServlet': assuming HandlerAdapter completed request handling
2015-11-13 09:18:24.453 DEBUG 8616 --- [http-nio-8080-exec-1] o.s.web.servlet.DispatcherServlet        : Successfully completed request
2015-11-13 09:18:24.801 DEBUG 8616 --- [http-nio-8080-exec-2] o.s.web.servlet.DispatcherServlet        : DispatcherServlet with name 'dispatcherServlet' processing GET request for [/lib/angular/angular-cookies.js]
2015-11-13 09:18:24.814 DEBUG 8616 --- [http-nio-8080-exec-2] s.w.s.m.m.a.RequestMappingHandlerMapping : Looking up handler method for path /lib/angular/angular-cookies.js
2015-11-13 09:18:24.851 DEBUG 8616 --- [http-nio-8080-exec-3] o.s.web.servlet.DispatcherServlet        : DispatcherServlet with name 'dispatcherServlet' processing GET request for [/lib/jquery/jquery.min.js]
2015-11-13 09:18:24.854 DEBUG 8616 --- [http-nio-8080-exec-7] o.s.web.servlet.DispatcherServlet        : DispatcherServlet with name 'dispatcherServlet' processing GET request for [/css/styles.css]
2015-11-13 09:18:24.854 DEBUG 8616 --- [http-nio-8080-exec-4] o.s.web.servlet.DispatcherServlet        : DispatcherServlet with name 'dispatcherServlet' processing GET request for [/js/client-admin.js]
2015-11-13 09:18:24.845 DEBUG 8616 --- [http-nio-8080-exec-2] s.w.s.m.m.a.RequestMappingHandlerMapping : Did not find handler method for [/lib/angular/angular-cookies.js]
2015-11-13 09:18:24.856 DEBUG 8616 --- [http-nio-8080-exec-6] o.s.web.servlet.DispatcherServlet        : DispatcherServlet with name 'dispatcherServlet' processing GET request for [/lib/bootstrap/css/bootstrap.min.css]
2015-11-13 09:18:24.857 DEBUG 8616 --- [http-nio-8080-exec-3] s.w.s.m.m.a.RequestMappingHandlerMapping : Looking up handler method for path /lib/jquery/jquery.min.js
2015-11-13 09:18:24.857 DEBUG 8616 --- [http-nio-8080-exec-5] o.s.web.servlet.DispatcherServlet        : DispatcherServlet with name 'dispatcherServlet' processing GET request for [/lib/bootstrap/css/bootstrap-theme.min.css]
2015-11-13 09:18:24.858 DEBUG 8616 --- [http-nio-8080-exec-7] s.w.s.m.m.a.RequestMappingHandlerMapping : Looking up handler method for path /css/styles.css
2015-11-13 09:18:24.858 DEBUG 8616 --- [http-nio-8080-exec-4] s.w.s.m.m.a.RequestMappingHandlerMapping : Looking up handler method for path /js/client-admin.js
2015-11-13 09:18:24.858 DEBUG 8616 --- [http-nio-8080-exec-2] o.s.w.s.handler.SimpleUrlHandlerMapping  : Matching patterns for request [/lib/angular/angular-cookies.js] are [/**]
2015-11-13 09:18:24.859 DEBUG 8616 --- [http-nio-8080-exec-6] s.w.s.m.m.a.RequestMappingHandlerMapping : Looking up handler method for path /lib/bootstrap/css/bootstrap.min.css
2015-11-13 09:18:24.864 DEBUG 8616 --- [http-nio-8080-exec-5] s.w.s.m.m.a.RequestMappingHandlerMapping : Looking up handler method for path /lib/bootstrap/css/bootstrap-theme.min.css
2015-11-13 09:18:24.867 DEBUG 8616 --- [http-nio-8080-exec-2] o.s.w.s.handler.SimpleUrlHandlerMapping  : URI Template variables for request [/lib/angular/angular-cookies.js] are {}
2015-11-13 09:18:24.871 DEBUG 8616 --- [http-nio-8080-exec-2] o.s.w.s.handler.SimpleUrlHandlerMapping  : Mapping [/lib/angular/angular-cookies.js] to HandlerExecutionChain with handler [ResourceHttpRequestHandler [locations=[ServletContext resource [/], class path resource [META-INF/resources/], class path resource [resources/], class path resource [static/], class path resource [public/]], resolvers=[org.springframework.web.servlet.resource.PathResourceResolver@45b21a]]] and 1 interceptor
2015-11-13 09:18:24.871 DEBUG 8616 --- [http-nio-8080-exec-2] o.s.web.servlet.DispatcherServlet        : Last-Modified value for [/lib/angular/angular-cookies.js] is: -1
2015-11-13 09:18:24.883 DEBUG 8616 --- [http-nio-8080-exec-5] s.w.s.m.m.a.RequestMappingHandlerMapping : Did not find handler method for [/lib/bootstrap/css/bootstrap-theme.min.css]
2015-11-13 09:18:24.883 DEBUG 8616 --- [http-nio-8080-exec-5] o.s.w.s.handler.SimpleUrlHandlerMapping  : Matching patterns for request [/lib/bootstrap/css/bootstrap-theme.min.css] are [/**]
2015-11-13 09:18:24.883 DEBUG 8616 --- [http-nio-8080-exec-5] o.s.w.s.handler.SimpleUrlHandlerMapping  : URI Template variables for request [/lib/bootstrap/css/bootstrap-theme.min.css] are {}
2015-11-13 09:18:24.884 DEBUG 8616 --- [http-nio-8080-exec-5] o.s.w.s.handler.SimpleUrlHandlerMapping  : Mapping [/lib/bootstrap/css/bootstrap-theme.min.css] to HandlerExecutionChain with handler [ResourceHttpRequestHandler [locations=[ServletContext resource [/], class path resource [META-INF/resources/], class path resource [resources/], class path resource [static/], class path resource [public/]], resolvers=[org.springframework.web.servlet.resource.PathResourceResolver@45b21a]]] and 1 interceptor
2015-11-13 09:18:24.884 DEBUG 8616 --- [http-nio-8080-exec-5] o.s.web.servlet.DispatcherServlet        : Last-Modified value for [/lib/bootstrap/css/bootstrap-theme.min.css] is: -1
2015-11-13 09:18:24.890 DEBUG 8616 --- [http-nio-8080-exec-2] o.s.web.servlet.DispatcherServlet        : Null ModelAndView returned to DispatcherServlet with name 'dispatcherServlet': assuming HandlerAdapter completed request handling
2015-11-13 09:18:24.896 DEBUG 8616 --- [http-nio-8080-exec-7] s.w.s.m.m.a.RequestMappingHandlerMapping : Did not find handler method for [/css/styles.css]
2015-11-13 09:18:24.898 DEBUG 8616 --- [http-nio-8080-exec-4] s.w.s.m.m.a.RequestMappingHandlerMapping : Did not find handler method for [/js/client-admin.js]
2015-11-13 09:18:24.902 DEBUG 8616 --- [http-nio-8080-exec-6] s.w.s.m.m.a.RequestMappingHandlerMapping : Did not find handler method for [/lib/bootstrap/css/bootstrap.min.css]
2015-11-13 09:18:24.903 DEBUG 8616 --- [http-nio-8080-exec-2] o.s.web.servlet.DispatcherServlet        : Successfully completed request
2015-11-13 09:18:24.904 DEBUG 8616 --- [http-nio-8080-exec-4] o.s.w.s.handler.SimpleUrlHandlerMapping  : Matching patterns for request [/js/client-admin.js] are [/**]
2015-11-13 09:18:24.905 DEBUG 8616 --- [http-nio-8080-exec-7] o.s.w.s.handler.SimpleUrlHandlerMapping  : Matching patterns for request [/css/styles.css] are [/**]
2015-11-13 09:18:24.905 DEBUG 8616 --- [http-nio-8080-exec-6] o.s.w.s.handler.SimpleUrlHandlerMapping  : Matching patterns for request [/lib/bootstrap/css/bootstrap.min.css] are [/**]
2015-11-13 09:18:24.906 DEBUG 8616 --- [http-nio-8080-exec-4] o.s.w.s.handler.SimpleUrlHandlerMapping  : URI Template variables for request [/js/client-admin.js] are {}
2015-11-13 09:18:24.906 DEBUG 8616 --- [http-nio-8080-exec-7] o.s.w.s.handler.SimpleUrlHandlerMapping  : URI Template variables for request [/css/styles.css] are {}
2015-11-13 09:18:24.906 DEBUG 8616 --- [http-nio-8080-exec-6] o.s.w.s.handler.SimpleUrlHandlerMapping  : URI Template variables for request [/lib/bootstrap/css/bootstrap.min.css] are {}
2015-11-13 09:18:24.907 DEBUG 8616 --- [http-nio-8080-exec-4] o.s.w.s.handler.SimpleUrlHandlerMapping  : Mapping [/js/client-admin.js] to HandlerExecutionChain with handler [ResourceHttpRequestHandler [locations=[ServletContext resource [/], class path resource [META-INF/resources/], class path resource [resources/], class path resource [static/], class path resource [public/]], resolvers=[org.springframework.web.servlet.resource.PathResourceResolver@45b21a]]] and 1 interceptor
2015-11-13 09:18:24.907 DEBUG 8616 --- [http-nio-8080-exec-7] o.s.w.s.handler.SimpleUrlHandlerMapping  : Mapping [/css/styles.css] to HandlerExecutionChain with handler [ResourceHttpRequestHandler [locations=[ServletContext resource [/], class path resource [META-INF/resources/], class path resource [resources/], class path resource [static/], class path resource [public/]], resolvers=[org.springframework.web.servlet.resource.PathResourceResolver@45b21a]]] and 1 interceptor
2015-11-13 09:18:24.907 DEBUG 8616 --- [http-nio-8080-exec-6] o.s.w.s.handler.SimpleUrlHandlerMapping  : Mapping [/lib/bootstrap/css/bootstrap.min.css] to HandlerExecutionChain with handler [ResourceHttpRequestHandler [locations=[ServletContext resource [/], class path resource [META-INF/resources/], class path resource [resources/], class path resource [static/], class path resource [public/]], resolvers=[org.springframework.web.servlet.resource.PathResourceResolver@45b21a]]] and 1 interceptor
2015-11-13 09:18:24.907 DEBUG 8616 --- [http-nio-8080-exec-4] o.s.web.servlet.DispatcherServlet        : Last-Modified value for [/js/client-admin.js] is: -1
2015-11-13 09:18:24.908 DEBUG 8616 --- [http-nio-8080-exec-7] o.s.web.servlet.DispatcherServlet        : Last-Modified value for [/css/styles.css] is: -1
2015-11-13 09:18:24.908 DEBUG 8616 --- [http-nio-8080-exec-6] o.s.web.servlet.DispatcherServlet        : Last-Modified value for [/lib/bootstrap/css/bootstrap.min.css] is: -1
2015-11-13 09:18:24.916 DEBUG 8616 --- [http-nio-8080-exec-4] o.s.web.servlet.DispatcherServlet        : Null ModelAndView returned to DispatcherServlet with name 'dispatcherServlet': assuming HandlerAdapter completed request handling
2015-11-13 09:18:24.916 DEBUG 8616 --- [http-nio-8080-exec-4] o.s.web.servlet.DispatcherServlet        : Successfully completed request
2015-11-13 09:18:24.929 DEBUG 8616 --- [http-nio-8080-exec-3] s.w.s.m.m.a.RequestMappingHandlerMapping : Did not find handler method for [/lib/jquery/jquery.min.js]
2015-11-13 09:18:24.930 DEBUG 8616 --- [http-nio-8080-exec-3] o.s.w.s.handler.SimpleUrlHandlerMapping  : Matching patterns for request [/lib/jquery/jquery.min.js] are [/**]
2015-11-13 09:18:24.931 DEBUG 8616 --- [http-nio-8080-exec-3] o.s.w.s.handler.SimpleUrlHandlerMapping  : URI Template variables for request [/lib/jquery/jquery.min.js] are {}
2015-11-13 09:18:24.936 DEBUG 8616 --- [http-nio-8080-exec-3] o.s.w.s.handler.SimpleUrlHandlerMapping  : Mapping [/lib/jquery/jquery.min.js] to HandlerExecutionChain with handler [ResourceHttpRequestHandler [locations=[ServletContext resource [/], class path resource [META-INF/resources/], class path resource [resources/], class path resource [static/], class path resource [public/]], resolvers=[org.springframework.web.servlet.resource.PathResourceResolver@45b21a]]] and 1 interceptor
2015-11-13 09:18:24.937 DEBUG 8616 --- [http-nio-8080-exec-3] o.s.web.servlet.DispatcherServlet        : Last-Modified value for [/lib/jquery/jquery.min.js] is: -1
2015-11-13 09:18:24.959 DEBUG 8616 --- [http-nio-8080-exec-6] o.s.web.servlet.DispatcherServlet        : Null ModelAndView returned to DispatcherServlet with name 'dispatcherServlet': assuming HandlerAdapter completed request handling
2015-11-13 09:18:24.959 DEBUG 8616 --- [http-nio-8080-exec-6] o.s.web.servlet.DispatcherServlet        : Successfully completed request
2015-11-13 09:18:24.960 DEBUG 8616 --- [http-nio-8080-exec-5] o.s.web.servlet.DispatcherServlet        : Null ModelAndView returned to DispatcherServlet with name 'dispatcherServlet': assuming HandlerAdapter completed request handling
2015-11-13 09:18:24.960 DEBUG 8616 --- [http-nio-8080-exec-5] o.s.web.servlet.DispatcherServlet        : Successfully completed request
2015-11-13 09:18:24.961 DEBUG 8616 --- [http-nio-8080-exec-3] o.s.web.servlet.DispatcherServlet        : Null ModelAndView returned to DispatcherServlet with name 'dispatcherServlet': assuming HandlerAdapter completed request handling
2015-11-13 09:18:24.961 DEBUG 8616 --- [http-nio-8080-exec-3] o.s.web.servlet.DispatcherServlet        : Successfully completed request
2015-11-13 09:18:24.963 DEBUG 8616 --- [http-nio-8080-exec-7] o.s.web.servlet.DispatcherServlet        : Null ModelAndView returned to DispatcherServlet with name 'dispatcherServlet': assuming HandlerAdapter completed request handling
2015-11-13 09:18:24.963 DEBUG 8616 --- [http-nio-8080-exec-7] o.s.web.servlet.DispatcherServlet        : Successfully completed request
2015-11-13 09:18:25.374 DEBUG 8616 --- [http-nio-8080-exec-8] o.s.web.servlet.DispatcherServlet        : DispatcherServlet with name 'dispatcherServlet' processing GET request for [/lib/bootstrap/js/bootstrap.min.js]
2015-11-13 09:18:25.375 DEBUG 8616 --- [http-nio-8080-exec-8] s.w.s.m.m.a.RequestMappingHandlerMapping : Looking up handler method for path /lib/bootstrap/js/bootstrap.min.js
2015-11-13 09:18:25.387 DEBUG 8616 --- [http-nio-8080-exec-10] o.s.web.servlet.DispatcherServlet        : DispatcherServlet with name 'dispatcherServlet' processing GET request for [/lib/angular/angular-route.min.js]
2015-11-13 09:18:25.388 DEBUG 8616 --- [http-nio-8080-exec-10] s.w.s.m.m.a.RequestMappingHandlerMapping : Looking up handler method for path /lib/angular/angular-route.min.js
2015-11-13 09:18:25.397 DEBUG 8616 --- [http-nio-8080-exec-8] s.w.s.m.m.a.RequestMappingHandlerMapping : Did not find handler method for [/lib/bootstrap/js/bootstrap.min.js]
2015-11-13 09:18:25.401 DEBUG 8616 --- [http-nio-8080-exec-10] s.w.s.m.m.a.RequestMappingHandlerMapping : Did not find handler method for [/lib/angular/angular-route.min.js]
2015-11-13 09:18:25.421 DEBUG 8616 --- [http-nio-8080-exec-8] o.s.w.s.handler.SimpleUrlHandlerMapping  : Matching patterns for request [/lib/bootstrap/js/bootstrap.min.js] are [/**]
2015-11-13 09:18:25.421 DEBUG 8616 --- [http-nio-8080-exec-10] o.s.w.s.handler.SimpleUrlHandlerMapping  : Matching patterns for request [/lib/angular/angular-route.min.js] are [/**]
2015-11-13 09:18:25.422 DEBUG 8616 --- [http-nio-8080-exec-8] o.s.w.s.handler.SimpleUrlHandlerMapping  : URI Template variables for request [/lib/bootstrap/js/bootstrap.min.js] are {}
2015-11-13 09:18:25.422 DEBUG 8616 --- [http-nio-8080-exec-10] o.s.w.s.handler.SimpleUrlHandlerMapping  : URI Template variables for request [/lib/angular/angular-route.min.js] are {}
2015-11-13 09:18:25.422 DEBUG 8616 --- [http-nio-8080-exec-8] o.s.w.s.handler.SimpleUrlHandlerMapping  : Mapping [/lib/bootstrap/js/bootstrap.min.js] to HandlerExecutionChain with handler [ResourceHttpRequestHandler [locations=[ServletContext resource [/], class path resource [META-INF/resources/], class path resource [resources/], class path resource [static/], class path resource [public/]], resolvers=[org.springframework.web.servlet.resource.PathResourceResolver@45b21a]]] and 1 interceptor
2015-11-13 09:18:25.423 DEBUG 8616 --- [http-nio-8080-exec-10] o.s.w.s.handler.SimpleUrlHandlerMapping  : Mapping [/lib/angular/angular-route.min.js] to HandlerExecutionChain with handler [ResourceHttpRequestHandler [locations=[ServletContext resource [/], class path resource [META-INF/resources/], class path resource [resources/], class path resource [static/], class path resource [public/]], resolvers=[org.springframework.web.servlet.resource.PathResourceResolver@45b21a]]] and 1 interceptor
2015-11-13 09:18:25.423 DEBUG 8616 --- [http-nio-8080-exec-8] o.s.web.servlet.DispatcherServlet        : Last-Modified value for [/lib/bootstrap/js/bootstrap.min.js] is: -1
2015-11-13 09:18:25.423 DEBUG 8616 --- [http-nio-8080-exec-10] o.s.web.servlet.DispatcherServlet        : Last-Modified value for [/lib/angular/angular-route.min.js] is: -1
2015-11-13 09:18:25.425 DEBUG 8616 --- [http-nio-8080-exec-8] o.s.web.servlet.DispatcherServlet        : Null ModelAndView returned to DispatcherServlet with name 'dispatcherServlet': assuming HandlerAdapter completed request handling
2015-11-13 09:18:25.427 DEBUG 8616 --- [http-nio-8080-exec-10] o.s.web.servlet.DispatcherServlet        : Null ModelAndView returned to DispatcherServlet with name 'dispatcherServlet': assuming HandlerAdapter completed request handling
2015-11-13 09:18:25.428 DEBUG 8616 --- [http-nio-8080-exec-10] o.s.web.servlet.DispatcherServlet        : Successfully completed request
2015-11-13 09:18:25.436 DEBUG 8616 --- [http-nio-8080-exec-8] o.s.web.servlet.DispatcherServlet        : Successfully completed request
2015-11-13 09:18:25.436 DEBUG 8616 --- [http-nio-8080-exec-1] o.s.web.servlet.DispatcherServlet        : DispatcherServlet with name 'dispatcherServlet' processing GET request for [/lib/angular/angular-messages.js]
2015-11-13 09:18:25.437 DEBUG 8616 --- [http-nio-8080-exec-1] s.w.s.m.m.a.RequestMappingHandlerMapping : Looking up handler method for path /lib/angular/angular-messages.js
2015-11-13 09:18:25.441 DEBUG 8616 --- [http-nio-8080-exec-1] s.w.s.m.m.a.RequestMappingHandlerMapping : Did not find handler method for [/lib/angular/angular-messages.js]
2015-11-13 09:18:25.441 DEBUG 8616 --- [http-nio-8080-exec-1] o.s.w.s.handler.SimpleUrlHandlerMapping  : Matching patterns for request [/lib/angular/angular-messages.js] are [/**]
2015-11-13 09:18:25.441 DEBUG 8616 --- [http-nio-8080-exec-1] o.s.w.s.handler.SimpleUrlHandlerMapping  : URI Template variables for request [/lib/angular/angular-messages.js] are {}
2015-11-13 09:18:25.442 DEBUG 8616 --- [http-nio-8080-exec-1] o.s.w.s.handler.SimpleUrlHandlerMapping  : Mapping [/lib/angular/angular-messages.js] to HandlerExecutionChain with handler [ResourceHttpRequestHandler [locations=[ServletContext resource [/], class path resource [META-INF/resources/], class path resource [resources/], class path resource [static/], class path resource [public/]], resolvers=[org.springframework.web.servlet.resource.PathResourceResolver@45b21a]]] and 1 interceptor
2015-11-13 09:18:25.442 DEBUG 8616 --- [http-nio-8080-exec-1] o.s.web.servlet.DispatcherServlet        : Last-Modified value for [/lib/angular/angular-messages.js] is: -1
2015-11-13 09:18:25.443 DEBUG 8616 --- [http-nio-8080-exec-9] o.s.web.servlet.DispatcherServlet        : DispatcherServlet with name 'dispatcherServlet' processing GET request for [/lib/angular/angular.min.js]
2015-11-13 09:18:25.443 DEBUG 8616 --- [http-nio-8080-exec-1] o.s.web.servlet.DispatcherServlet        : Null ModelAndView returned to DispatcherServlet with name 'dispatcherServlet': assuming HandlerAdapter completed request handling
2015-11-13 09:18:25.454 DEBUG 8616 --- [http-nio-8080-exec-9] s.w.s.m.m.a.RequestMappingHandlerMapping : Looking up handler method for path /lib/angular/angular.min.js
2015-11-13 09:18:25.456 DEBUG 8616 --- [http-nio-8080-exec-1] o.s.web.servlet.DispatcherServlet        : Successfully completed request
2015-11-13 09:18:25.461 DEBUG 8616 --- [http-nio-8080-exec-9] s.w.s.m.m.a.RequestMappingHandlerMapping : Did not find handler method for [/lib/angular/angular.min.js]
2015-11-13 09:18:25.462 DEBUG 8616 --- [http-nio-8080-exec-9] o.s.w.s.handler.SimpleUrlHandlerMapping  : Matching patterns for request [/lib/angular/angular.min.js] are [/**]
2015-11-13 09:18:25.462 DEBUG 8616 --- [http-nio-8080-exec-9] o.s.w.s.handler.SimpleUrlHandlerMapping  : URI Template variables for request [/lib/angular/angular.min.js] are {}
2015-11-13 09:18:25.462 DEBUG 8616 --- [http-nio-8080-exec-9] o.s.w.s.handler.SimpleUrlHandlerMapping  : Mapping [/lib/angular/angular.min.js] to HandlerExecutionChain with handler [ResourceHttpRequestHandler [locations=[ServletContext resource [/], class path resource [META-INF/resources/], class path resource [resources/], class path resource [static/], class path resource [public/]], resolvers=[org.springframework.web.servlet.resource.PathResourceResolver@45b21a]]] and 1 interceptor
2015-11-13 09:18:25.463 DEBUG 8616 --- [http-nio-8080-exec-9] o.s.web.servlet.DispatcherServlet        : Last-Modified value for [/lib/angular/angular.min.js] is: -1
2015-11-13 09:18:25.465 DEBUG 8616 --- [http-nio-8080-exec-9] o.s.web.servlet.DispatcherServlet        : Null ModelAndView returned to DispatcherServlet with name 'dispatcherServlet': assuming HandlerAdapter completed request handling
2015-11-13 09:18:25.465 DEBUG 8616 --- [http-nio-8080-exec-9] o.s.web.servlet.DispatcherServlet        : Successfully completed request
2015-11-13 09:18:26.973 DEBUG 8616 --- [http-nio-8080-exec-4] o.s.web.servlet.DispatcherServlet        : DispatcherServlet with name 'dispatcherServlet' processing GET request for [/html/client-admin-header.html]
2015-11-13 09:18:26.974 DEBUG 8616 --- [http-nio-8080-exec-2] o.s.web.servlet.DispatcherServlet        : DispatcherServlet with name 'dispatcherServlet' processing GET request for [/html/client-admin-footer.html]
2015-11-13 09:18:26.974 DEBUG 8616 --- [http-nio-8080-exec-5] o.s.web.servlet.DispatcherServlet        : DispatcherServlet with name 'dispatcherServlet' processing GET request for [/html/claim.html]
2015-11-13 09:18:26.975 DEBUG 8616 --- [http-nio-8080-exec-4] s.w.s.m.m.a.RequestMappingHandlerMapping : Looking up handler method for path /html/client-admin-header.html
2015-11-13 09:18:26.976 DEBUG 8616 --- [http-nio-8080-exec-2] s.w.s.m.m.a.RequestMappingHandlerMapping : Looking up handler method for path /html/client-admin-footer.html
2015-11-13 09:18:26.976 DEBUG 8616 --- [http-nio-8080-exec-5] s.w.s.m.m.a.RequestMappingHandlerMapping : Looking up handler method for path /html/claim.html
2015-11-13 09:18:26.989 DEBUG 8616 --- [http-nio-8080-exec-2] s.w.s.m.m.a.RequestMappingHandlerMapping : Did not find handler method for [/html/client-admin-footer.html]
2015-11-13 09:18:26.994 DEBUG 8616 --- [http-nio-8080-exec-4] s.w.s.m.m.a.RequestMappingHandlerMapping : Did not find handler method for [/html/client-admin-header.html]
2015-11-13 09:18:26.994 DEBUG 8616 --- [http-nio-8080-exec-2] o.s.w.s.handler.SimpleUrlHandlerMapping  : Matching patterns for request [/html/client-admin-footer.html] are [/**]
2015-11-13 09:18:26.995 DEBUG 8616 --- [http-nio-8080-exec-4] o.s.w.s.handler.SimpleUrlHandlerMapping  : Matching patterns for request [/html/client-admin-header.html] are [/**]
2015-11-13 09:18:26.995 DEBUG 8616 --- [http-nio-8080-exec-2] o.s.w.s.handler.SimpleUrlHandlerMapping  : URI Template variables for request [/html/client-admin-footer.html] are {}
2015-11-13 09:18:26.995 DEBUG 8616 --- [http-nio-8080-exec-4] o.s.w.s.handler.SimpleUrlHandlerMapping  : URI Template variables for request [/html/client-admin-header.html] are {}
2015-11-13 09:18:26.995 DEBUG 8616 --- [http-nio-8080-exec-2] o.s.w.s.handler.SimpleUrlHandlerMapping  : Mapping [/html/client-admin-footer.html] to HandlerExecutionChain with handler [ResourceHttpRequestHandler [locations=[ServletContext resource [/], class path resource [META-INF/resources/], class path resource [resources/], class path resource [static/], class path resource [public/]], resolvers=[org.springframework.web.servlet.resource.PathResourceResolver@45b21a]]] and 1 interceptor
2015-11-13 09:18:26.996 DEBUG 8616 --- [http-nio-8080-exec-4] o.s.w.s.handler.SimpleUrlHandlerMapping  : Mapping [/html/client-admin-header.html] to HandlerExecutionChain with handler [ResourceHttpRequestHandler [locations=[ServletContext resource [/], class path resource [META-INF/resources/], class path resource [resources/], class path resource [static/], class path resource [public/]], resolvers=[org.springframework.web.servlet.resource.PathResourceResolver@45b21a]]] and 1 interceptor
2015-11-13 09:18:26.996 DEBUG 8616 --- [http-nio-8080-exec-2] o.s.web.servlet.DispatcherServlet        : Last-Modified value for [/html/client-admin-footer.html] is: -1
2015-11-13 09:18:26.996 DEBUG 8616 --- [http-nio-8080-exec-4] o.s.web.servlet.DispatcherServlet        : Last-Modified value for [/html/client-admin-header.html] is: -1
2015-11-13 09:18:26.998 DEBUG 8616 --- [http-nio-8080-exec-5] s.w.s.m.m.a.RequestMappingHandlerMapping : Did not find handler method for [/html/claim.html]
2015-11-13 09:18:27.001 DEBUG 8616 --- [http-nio-8080-exec-5] o.s.w.s.handler.SimpleUrlHandlerMapping  : Matching patterns for request [/html/claim.html] are [/**]
2015-11-13 09:18:27.001 DEBUG 8616 --- [http-nio-8080-exec-5] o.s.w.s.handler.SimpleUrlHandlerMapping  : URI Template variables for request [/html/claim.html] are {}
2015-11-13 09:18:27.001 DEBUG 8616 --- [http-nio-8080-exec-5] o.s.w.s.handler.SimpleUrlHandlerMapping  : Mapping [/html/claim.html] to HandlerExecutionChain with handler [ResourceHttpRequestHandler [locations=[ServletContext resource [/], class path resource [META-INF/resources/], class path resource [resources/], class path resource [static/], class path resource [public/]], resolvers=[org.springframework.web.servlet.resource.PathResourceResolver@45b21a]]] and 1 interceptor
2015-11-13 09:18:27.001 DEBUG 8616 --- [http-nio-8080-exec-5] o.s.web.servlet.DispatcherServlet        : Last-Modified value for [/html/claim.html] is: -1
2015-11-13 09:18:27.005 DEBUG 8616 --- [http-nio-8080-exec-5] o.s.web.servlet.DispatcherServlet        : Null ModelAndView returned to DispatcherServlet with name 'dispatcherServlet': assuming HandlerAdapter completed request handling
2015-11-13 09:18:27.016 DEBUG 8616 --- [http-nio-8080-exec-5] o.s.web.servlet.DispatcherServlet        : Successfully completed request
2015-11-13 09:18:27.024 DEBUG 8616 --- [http-nio-8080-exec-2] o.s.web.servlet.DispatcherServlet        : Null ModelAndView returned to DispatcherServlet with name 'dispatcherServlet': assuming HandlerAdapter completed request handling
2015-11-13 09:18:27.025 DEBUG 8616 --- [http-nio-8080-exec-2] o.s.web.servlet.DispatcherServlet        : Successfully completed request
2015-11-13 09:18:27.026 DEBUG 8616 --- [http-nio-8080-exec-4] o.s.web.servlet.DispatcherServlet        : Null ModelAndView returned to DispatcherServlet with name 'dispatcherServlet': assuming HandlerAdapter completed request handling
2015-11-13 09:18:27.026 DEBUG 8616 --- [http-nio-8080-exec-4] o.s.web.servlet.DispatcherServlet        : Successfully completed request
2015-11-13 09:18:27.325 DEBUG 8616 --- [http-nio-8080-exec-10] o.s.web.servlet.DispatcherServlet        : DispatcherServlet with name 'dispatcherServlet' processing GET request for [/img/products/zenith.png]
2015-11-13 09:18:27.326 DEBUG 8616 --- [http-nio-8080-exec-10] s.w.s.m.m.a.RequestMappingHandlerMapping : Looking up handler method for path /img/products/zenith.png
2015-11-13 09:18:27.331 DEBUG 8616 --- [http-nio-8080-exec-3] o.s.web.servlet.DispatcherServlet        : DispatcherServlet with name 'dispatcherServlet' processing GET request for [/img/products/lynx.jpg]
2015-11-13 09:18:27.331 DEBUG 8616 --- [http-nio-8080-exec-3] s.w.s.m.m.a.RequestMappingHandlerMapping : Looking up handler method for path /img/products/lynx.jpg
2015-11-13 09:18:27.334 DEBUG 8616 --- [http-nio-8080-exec-1] o.s.web.servlet.DispatcherServlet        : DispatcherServlet with name 'dispatcherServlet' processing GET request for [/img/products/aig.png]
2015-11-13 09:18:27.334 DEBUG 8616 --- [http-nio-8080-exec-3] s.w.s.m.m.a.RequestMappingHandlerMapping : Did not find handler method for [/img/products/lynx.jpg]
2015-11-13 09:18:27.334 DEBUG 8616 --- [http-nio-8080-exec-1] s.w.s.m.m.a.RequestMappingHandlerMapping : Looking up handler method for path /img/products/aig.png
2015-11-13 09:18:27.334 DEBUG 8616 --- [http-nio-8080-exec-3] o.s.w.s.handler.SimpleUrlHandlerMapping  : Matching patterns for request [/img/products/lynx.jpg] are [/**]
2015-11-13 09:18:27.334 DEBUG 8616 --- [http-nio-8080-exec-3] o.s.w.s.handler.SimpleUrlHandlerMapping  : URI Template variables for request [/img/products/lynx.jpg] are {}
2015-11-13 09:18:27.335 DEBUG 8616 --- [http-nio-8080-exec-3] o.s.w.s.handler.SimpleUrlHandlerMapping  : Mapping [/img/products/lynx.jpg] to HandlerExecutionChain with handler [ResourceHttpRequestHandler [locations=[ServletContext resource [/], class path resource [META-INF/resources/], class path resource [resources/], class path resource [static/], class path resource [public/]], resolvers=[org.springframework.web.servlet.resource.PathResourceResolver@45b21a]]] and 1 interceptor
2015-11-13 09:18:27.335 DEBUG 8616 --- [http-nio-8080-exec-3] o.s.web.servlet.DispatcherServlet        : Last-Modified value for [/img/products/lynx.jpg] is: -1
2015-11-13 09:18:27.337 DEBUG 8616 --- [http-nio-8080-exec-7] o.s.web.servlet.DispatcherServlet        : DispatcherServlet with name 'dispatcherServlet' processing GET request for [/img/products/quantum.png]
2015-11-13 09:18:27.338 DEBUG 8616 --- [http-nio-8080-exec-7] s.w.s.m.m.a.RequestMappingHandlerMapping : Looking up handler method for path /img/products/quantum.png
2015-11-13 09:18:27.340 DEBUG 8616 --- [http-nio-8080-exec-6] o.s.web.servlet.DispatcherServlet        : DispatcherServlet with name 'dispatcherServlet' processing GET request for [/img/products/polygon.png]
2015-11-13 09:18:27.340 DEBUG 8616 --- [http-nio-8080-exec-8] o.s.web.servlet.DispatcherServlet        : DispatcherServlet with name 'dispatcherServlet' processing GET request for [/img/products/genric.png]
2015-11-13 09:18:27.344 DEBUG 8616 --- [http-nio-8080-exec-6] s.w.s.m.m.a.RequestMappingHandlerMapping : Looking up handler method for path /img/products/polygon.png
2015-11-13 09:18:27.337 DEBUG 8616 --- [http-nio-8080-exec-1] s.w.s.m.m.a.RequestMappingHandlerMapping : Did not find handler method for [/img/products/aig.png]
2015-11-13 09:18:27.345 DEBUG 8616 --- [http-nio-8080-exec-8] s.w.s.m.m.a.RequestMappingHandlerMapping : Looking up handler method for path /img/products/genric.png
2015-11-13 09:18:27.345 DEBUG 8616 --- [http-nio-8080-exec-7] s.w.s.m.m.a.RequestMappingHandlerMapping : Did not find handler method for [/img/products/quantum.png]
2015-11-13 09:18:27.345 DEBUG 8616 --- [http-nio-8080-exec-1] o.s.w.s.handler.SimpleUrlHandlerMapping  : Matching patterns for request [/img/products/aig.png] are [/**]
2015-11-13 09:18:27.345 DEBUG 8616 --- [http-nio-8080-exec-10] s.w.s.m.m.a.RequestMappingHandlerMapping : Did not find handler method for [/img/products/zenith.png]
2015-11-13 09:18:27.346 DEBUG 8616 --- [http-nio-8080-exec-3] o.s.web.servlet.DispatcherServlet        : Null ModelAndView returned to DispatcherServlet with name 'dispatcherServlet': assuming HandlerAdapter completed request handling
2015-11-13 09:18:27.350 DEBUG 8616 --- [http-nio-8080-exec-8] s.w.s.m.m.a.RequestMappingHandlerMapping : Did not find handler method for [/img/products/genric.png]
2015-11-13 09:18:27.354 DEBUG 8616 --- [http-nio-8080-exec-6] s.w.s.m.m.a.RequestMappingHandlerMapping : Did not find handler method for [/img/products/polygon.png]
2015-11-13 09:18:27.355 DEBUG 8616 --- [http-nio-8080-exec-7] o.s.w.s.handler.SimpleUrlHandlerMapping  : Matching patterns for request [/img/products/quantum.png] are [/**]
2015-11-13 09:18:27.361 DEBUG 8616 --- [http-nio-8080-exec-1] o.s.w.s.handler.SimpleUrlHandlerMapping  : URI Template variables for request [/img/products/aig.png] are {}
2015-11-13 09:18:27.361 DEBUG 8616 --- [http-nio-8080-exec-10] o.s.w.s.handler.SimpleUrlHandlerMapping  : Matching patterns for request [/img/products/zenith.png] are [/**]
2015-11-13 09:18:27.362 DEBUG 8616 --- [http-nio-8080-exec-8] o.s.w.s.handler.SimpleUrlHandlerMapping  : Matching patterns for request [/img/products/genric.png] are [/**]
2015-11-13 09:18:27.362 DEBUG 8616 --- [http-nio-8080-exec-3] o.s.web.servlet.DispatcherServlet        : Successfully completed request
2015-11-13 09:18:27.362 DEBUG 8616 --- [http-nio-8080-exec-6] o.s.w.s.handler.SimpleUrlHandlerMapping  : Matching patterns for request [/img/products/polygon.png] are [/**]
2015-11-13 09:18:27.362 DEBUG 8616 --- [http-nio-8080-exec-7] o.s.w.s.handler.SimpleUrlHandlerMapping  : URI Template variables for request [/img/products/quantum.png] are {}
2015-11-13 09:18:27.362 DEBUG 8616 --- [http-nio-8080-exec-1] o.s.w.s.handler.SimpleUrlHandlerMapping  : Mapping [/img/products/aig.png] to HandlerExecutionChain with handler [ResourceHttpRequestHandler [locations=[ServletContext resource [/], class path resource [META-INF/resources/], class path resource [resources/], class path resource [static/], class path resource [public/]], resolvers=[org.springframework.web.servlet.resource.PathResourceResolver@45b21a]]] and 1 interceptor
2015-11-13 09:18:27.363 DEBUG 8616 --- [http-nio-8080-exec-10] o.s.w.s.handler.SimpleUrlHandlerMapping  : URI Template variables for request [/img/products/zenith.png] are {}
2015-11-13 09:18:27.363 DEBUG 8616 --- [http-nio-8080-exec-8] o.s.w.s.handler.SimpleUrlHandlerMapping  : URI Template variables for request [/img/products/genric.png] are {}
2015-11-13 09:18:27.363 DEBUG 8616 --- [http-nio-8080-exec-6] o.s.w.s.handler.SimpleUrlHandlerMapping  : URI Template variables for request [/img/products/polygon.png] are {}
2015-11-13 09:18:27.363 DEBUG 8616 --- [http-nio-8080-exec-7] o.s.w.s.handler.SimpleUrlHandlerMapping  : Mapping [/img/products/quantum.png] to HandlerExecutionChain with handler [ResourceHttpRequestHandler [locations=[ServletContext resource [/], class path resource [META-INF/resources/], class path resource [resources/], class path resource [static/], class path resource [public/]], resolvers=[org.springframework.web.servlet.resource.PathResourceResolver@45b21a]]] and 1 interceptor
2015-11-13 09:18:27.364 DEBUG 8616 --- [http-nio-8080-exec-1] o.s.web.servlet.DispatcherServlet        : Last-Modified value for [/img/products/aig.png] is: -1
2015-11-13 09:18:27.364 DEBUG 8616 --- [http-nio-8080-exec-10] o.s.w.s.handler.SimpleUrlHandlerMapping  : Mapping [/img/products/zenith.png] to HandlerExecutionChain with handler [ResourceHttpRequestHandler [locations=[ServletContext resource [/], class path resource [META-INF/resources/], class path resource [resources/], class path resource [static/], class path resource [public/]], resolvers=[org.springframework.web.servlet.resource.PathResourceResolver@45b21a]]] and 1 interceptor
2015-11-13 09:18:27.364 DEBUG 8616 --- [http-nio-8080-exec-8] o.s.w.s.handler.SimpleUrlHandlerMapping  : Mapping [/img/products/genric.png] to HandlerExecutionChain with handler [ResourceHttpRequestHandler [locations=[ServletContext resource [/], class path resource [META-INF/resources/], class path resource [resources/], class path resource [static/], class path resource [public/]], resolvers=[org.springframework.web.servlet.resource.PathResourceResolver@45b21a]]] and 1 interceptor
2015-11-13 09:18:27.364 DEBUG 8616 --- [http-nio-8080-exec-6] o.s.w.s.handler.SimpleUrlHandlerMapping  : Mapping [/img/products/polygon.png] to HandlerExecutionChain with handler [ResourceHttpRequestHandler [locations=[ServletContext resource [/], class path resource [META-INF/resources/], class path resource [resources/], class path resource [static/], class path resource [public/]], resolvers=[org.springframework.web.servlet.resource.PathResourceResolver@45b21a]]] and 1 interceptor
2015-11-13 09:18:27.365 DEBUG 8616 --- [http-nio-8080-exec-7] o.s.web.servlet.DispatcherServlet        : Last-Modified value for [/img/products/quantum.png] is: -1
2015-11-13 09:18:27.366 DEBUG 8616 --- [http-nio-8080-exec-1] o.s.web.servlet.DispatcherServlet        : Null ModelAndView returned to DispatcherServlet with name 'dispatcherServlet': assuming HandlerAdapter completed request handling
2015-11-13 09:18:27.366 DEBUG 8616 --- [http-nio-8080-exec-8] o.s.web.servlet.DispatcherServlet        : Last-Modified value for [/img/products/genric.png] is: -1
2015-11-13 09:18:27.367 DEBUG 8616 --- [http-nio-8080-exec-10] o.s.web.servlet.DispatcherServlet        : Last-Modified value for [/img/products/zenith.png] is: -1
2015-11-13 09:18:27.367 DEBUG 8616 --- [http-nio-8080-exec-6] o.s.web.servlet.DispatcherServlet        : Last-Modified value for [/img/products/polygon.png] is: -1
2015-11-13 09:18:27.368 DEBUG 8616 --- [http-nio-8080-exec-7] o.s.web.servlet.DispatcherServlet        : Null ModelAndView returned to DispatcherServlet with name 'dispatcherServlet': assuming HandlerAdapter completed request handling
2015-11-13 09:18:27.372 DEBUG 8616 --- [http-nio-8080-exec-1] o.s.web.servlet.DispatcherServlet        : Successfully completed request
2015-11-13 09:18:27.377 DEBUG 8616 --- [http-nio-8080-exec-9] o.s.web.servlet.DispatcherServlet        : DispatcherServlet with name 'dispatcherServlet' processing GET request for [/img/products/one.png]
2015-11-13 09:18:27.378 DEBUG 8616 --- [http-nio-8080-exec-8] o.s.web.servlet.DispatcherServlet        : Null ModelAndView returned to DispatcherServlet with name 'dispatcherServlet': assuming HandlerAdapter completed request handling
2015-11-13 09:18:27.379 DEBUG 8616 --- [http-nio-8080-exec-6] o.s.web.servlet.DispatcherServlet        : Null ModelAndView returned to DispatcherServlet with name 'dispatcherServlet': assuming HandlerAdapter completed request handling
2015-11-13 09:18:27.380 DEBUG 8616 --- [http-nio-8080-exec-7] o.s.web.servlet.DispatcherServlet        : Successfully completed request
2015-11-13 09:18:27.380 DEBUG 8616 --- [http-nio-8080-exec-8] o.s.web.servlet.DispatcherServlet        : Successfully completed request
2015-11-13 09:18:27.380 DEBUG 8616 --- [http-nio-8080-exec-9] s.w.s.m.m.a.RequestMappingHandlerMapping : Looking up handler method for path /img/products/one.png
2015-11-13 09:18:27.380 DEBUG 8616 --- [http-nio-8080-exec-6] o.s.web.servlet.DispatcherServlet        : Successfully completed request
2015-11-13 09:18:27.389 DEBUG 8616 --- [http-nio-8080-exec-10] o.s.web.servlet.DispatcherServlet        : Null ModelAndView returned to DispatcherServlet with name 'dispatcherServlet': assuming HandlerAdapter completed request handling
2015-11-13 09:18:27.389 DEBUG 8616 --- [http-nio-8080-exec-10] o.s.web.servlet.DispatcherServlet        : Successfully completed request
2015-11-13 09:18:27.391 DEBUG 8616 --- [http-nio-8080-exec-9] s.w.s.m.m.a.RequestMappingHandlerMapping : Did not find handler method for [/img/products/one.png]
2015-11-13 09:18:27.392 DEBUG 8616 --- [http-nio-8080-exec-9] o.s.w.s.handler.SimpleUrlHandlerMapping  : Matching patterns for request [/img/products/one.png] are [/**]
2015-11-13 09:18:27.392 DEBUG 8616 --- [http-nio-8080-exec-9] o.s.w.s.handler.SimpleUrlHandlerMapping  : URI Template variables for request [/img/products/one.png] are {}
2015-11-13 09:18:27.392 DEBUG 8616 --- [http-nio-8080-exec-9] o.s.w.s.handler.SimpleUrlHandlerMapping  : Mapping [/img/products/one.png] to HandlerExecutionChain with handler [ResourceHttpRequestHandler [locations=[ServletContext resource [/], class path resource [META-INF/resources/], class path resource [resources/], class path resource [static/], class path resource [public/]], resolvers=[org.springframework.web.servlet.resource.PathResourceResolver@45b21a]]] and 1 interceptor
2015-11-13 09:18:27.392 DEBUG 8616 --- [http-nio-8080-exec-9] o.s.web.servlet.DispatcherServlet        : Last-Modified value for [/img/products/one.png] is: -1
2015-11-13 09:18:27.394 DEBUG 8616 --- [http-nio-8080-exec-9] o.s.web.servlet.DispatcherServlet        : Null ModelAndView returned to DispatcherServlet with name 'dispatcherServlet': assuming HandlerAdapter completed request handling
2015-11-13 09:18:27.394 DEBUG 8616 --- [http-nio-8080-exec-9] o.s.web.servlet.DispatcherServlet        : Successfully completed request
2015-11-13 09:18:27.632 DEBUG 8616 --- [http-nio-8080-exec-5] o.s.web.servlet.DispatcherServlet        : DispatcherServlet with name 'dispatcherServlet' processing GET request for [/api/claim-types]
2015-11-13 09:18:27.633 DEBUG 8616 --- [http-nio-8080-exec-5] s.w.s.m.m.a.RequestMappingHandlerMapping : Looking up handler method for path /api/claim-types
2015-11-13 09:18:27.649 DEBUG 8616 --- [http-nio-8080-exec-5] s.w.s.m.m.a.RequestMappingHandlerMapping : Returning handler method [public java.util.List<za.co.polygon.model.ClaimTypeQueryModel> za.co.polygon.Service.findAllClaimTypes()]
2015-11-13 09:18:27.650 DEBUG 8616 --- [http-nio-8080-exec-5] o.s.web.servlet.DispatcherServlet        : Last-Modified value for [/api/claim-types] is: -1
2015-11-13 09:18:27.716  INFO 8616 --- [http-nio-8080-exec-5] za.co.polygon.Service                    : find all claim Types
2015-11-13 09:18:28.593  INFO 8616 --- [http-nio-8080-exec-5] za.co.polygon.Service                    : Found all claim types
2015-11-13 09:18:28.845 DEBUG 8616 --- [http-nio-8080-exec-5] m.m.a.RequestResponseBodyMethodProcessor : Written [[za.co.polygon.model.ClaimTypeQueryModel@871096, za.co.polygon.model.ClaimTypeQueryModel@4a0071, za.co.polygon.model.ClaimTypeQueryModel@b014af, za.co.polygon.model.ClaimTypeQueryModel@81f71f]] as "application/json" using [org.springframework.http.converter.json.MappingJackson2HttpMessageConverter@5f4354]
2015-11-13 09:18:28.846 DEBUG 8616 --- [http-nio-8080-exec-5] o.s.web.servlet.DispatcherServlet        : Null ModelAndView returned to DispatcherServlet with name 'dispatcherServlet': assuming HandlerAdapter completed request handling
2015-11-13 09:18:28.848 DEBUG 8616 --- [http-nio-8080-exec-5] o.s.web.servlet.DispatcherServlet        : Successfully completed request
2015-11-13 09:18:30.427 DEBUG 8616 --- [http-nio-8080-exec-2] o.s.web.servlet.DispatcherServlet        : DispatcherServlet with name 'dispatcherServlet' processing GET request for [/api/claim-types/2/claim-questionnaires]
2015-11-13 09:18:30.427 DEBUG 8616 --- [http-nio-8080-exec-2] s.w.s.m.m.a.RequestMappingHandlerMapping : Looking up handler method for path /api/claim-types/2/claim-questionnaires
2015-11-13 09:18:30.437 DEBUG 8616 --- [http-nio-8080-exec-2] s.w.s.m.m.a.RequestMappingHandlerMapping : Returning handler method [public java.util.List<za.co.polygon.model.ClaimQuestionnaireQuery> za.co.polygon.Service.findClaimQuestionnaires(java.lang.Long)]
2015-11-13 09:18:30.438 DEBUG 8616 --- [http-nio-8080-exec-2] o.s.web.servlet.DispatcherServlet        : Last-Modified value for [/api/claim-types/2/claim-questionnaires] is: -1
2015-11-13 09:18:30.446  INFO 8616 --- [http-nio-8080-exec-2] za.co.polygon.Service                    : Find all Claim questionaire for a claim type
2015-11-13 09:18:30.591  INFO 8616 --- [http-nio-8080-exec-2] za.co.polygon.Service                    : found all the questionnaires for claim type
2015-11-13 09:18:30.687 DEBUG 8616 --- [http-nio-8080-exec-2] m.m.a.RequestResponseBodyMethodProcessor : Written [[za.co.polygon.model.ClaimQuestionnaireQuery@16742a8, za.co.polygon.model.ClaimQuestionnaireQuery@d9535b, za.co.polygon.model.ClaimQuestionnaireQuery@1871ecf, za.co.polygon.model.ClaimQuestionnaireQuery@1bc5bd5, za.co.polygon.model.ClaimQuestionnaireQuery@3b2b48, za.co.polygon.model.ClaimQuestionnaireQuery@1afd1f, za.co.polygon.model.ClaimQuestionnaireQuery@1d2f875, za.co.polygon.model.ClaimQuestionnaireQuery@536ca9, za.co.polygon.model.ClaimQuestionnaireQuery@11f7f00, za.co.polygon.model.ClaimQuestionnaireQuery@ac9439, za.co.polygon.model.ClaimQuestionnaireQuery@5c109, za.co.polygon.model.ClaimQuestionnaireQuery@164d084, za.co.polygon.model.ClaimQuestionnaireQuery@1994117, za.co.polygon.model.ClaimQuestionnaireQuery@1501ac1, za.co.polygon.model.ClaimQuestionnaireQuery@16b8c6b, za.co.polygon.model.ClaimQuestionnaireQuery@e288f2, za.co.polygon.model.ClaimQuestionnaireQuery@1ecf9c0, za.co.polygon.model.ClaimQuestionnaireQuery@7b672e, za.co.polygon.model.ClaimQuestionnaireQuery@188b39e, za.co.polygon.model.ClaimQuestionnaireQuery@1f71905, za.co.polygon.model.ClaimQuestionnaireQuery@1e3ce02, za.co.polygon.model.ClaimQuestionnaireQuery@3a91c7, za.co.polygon.model.ClaimQuestionnaireQuery@d0df9d, za.co.polygon.model.ClaimQuestionnaireQuery@136d7f3, za.co.polygon.model.ClaimQuestionnaireQuery@ec8749, za.co.polygon.model.ClaimQuestionnaireQuery@408e7a, za.co.polygon.model.ClaimQuestionnaireQuery@d88298]] as "application/json" using [org.springframework.http.converter.json.MappingJackson2HttpMessageConverter@5f4354]
2015-11-13 09:18:30.687 DEBUG 8616 --- [http-nio-8080-exec-2] o.s.web.servlet.DispatcherServlet        : Null ModelAndView returned to DispatcherServlet with name 'dispatcherServlet': assuming HandlerAdapter completed request handling
2015-11-13 09:18:30.693 DEBUG 8616 --- [http-nio-8080-exec-2] o.s.web.servlet.DispatcherServlet        : Successfully completed request
